0 verbose cli C:\Program Files\nodejs\node.exe C:\Program Files\nodejs\node_modules\npm\bin\npm-cli.js
1 info using npm@11.12.1
2 info using node@v24.15.0
3 silly config load:file:C:\Program Files\nodejs\node_modules\npm\npmrc
4 silly config load:file:C:\Users\vicky\OneDrive\old\Documents\Email Extractor\.npmrc
5 silly config load:file:C:\Users\vicky\.npmrc
6 silly config load:file:C:\Users\vicky\AppData\Roaming\npm\etc\npmrc
7 verbose title npm install
8 verbose argv "install" "--cache" ".npm-cache"
9 verbose logfile logs-max:10 dir:C:\Users\vicky\OneDrive\old\Documents\Email Extractor\.npm-cache\_logs\2026-06-28T07_13_57_770Z-
10 verbose logfile C:\Users\vicky\OneDrive\old\Documents\Email Extractor\.npm-cache\_logs\2026-06-28T07_13_57_770Z-debug-0.log
11 silly logfile done cleaning log files
12 silly packumentCache heap:2348810240 maxSize:587202560 maxEntrySize:293601280
13 silly idealTree buildDeps
14 silly fetch manifest axios@^1.7.9
15 silly packumentCache full:https://registry.npmjs.org/axios cache-miss
16 http fetch GET 200 https://registry.npmjs.org/npm 545ms
17 http fetch GET 200 https://registry.npmjs.org/axios 293ms (cache miss)
18 silly packumentCache full:https://registry.npmjs.org/axios set size:undefined disposed:false
19 silly fetch manifest cheerio@^1.0.0
20 silly packumentCache full:https://registry.npmjs.org/cheerio cache-miss
21 http fetch GET 200 https://registry.npmjs.org/cheerio 313ms (cache miss)
22 silly packumentCache full:https://registry.npmjs.org/cheerio set size:undefined disposed:false
23 silly fetch manifest cors@^2.8.5
24 silly packumentCache full:https://registry.npmjs.org/cors cache-miss
25 http fetch GET 200 https://registry.npmjs.org/cors 286ms (cache miss)
26 silly packumentCache full:https://registry.npmjs.org/cors set size:undefined disposed:false
27 silly fetch manifest express@^4.21.2
28 silly packumentCache full:https://registry.npmjs.org/express cache-miss
29 http fetch GET 200 https://registry.npmjs.org/express 72ms (cache miss)
30 silly packumentCache full:https://registry.npmjs.org/express set size:undefined disposed:false
31 silly placeDep ROOT axios@1.18.1 OK for: company-email-finder@1.0.0 want: ^1.7.9
32 silly placeDep ROOT cheerio@1.2.0 OK for: company-email-finder@1.0.0 want: ^1.0.0
33 silly placeDep ROOT cors@2.8.6 OK for: company-email-finder@1.0.0 want: ^2.8.5
34 silly placeDep ROOT express@4.22.2 OK for: company-email-finder@1.0.0 want: ^4.21.2
35 silly fetch manifest form-data@^4.0.5
36 silly packumentCache full:https://registry.npmjs.org/form-data cache-miss
37 silly fetch manifest proxy-from-env@^2.1.0
38 silly packumentCache full:https://registry.npmjs.org/proxy-from-env cache-miss
39 silly fetch manifest follow-redirects@^1.16.0
40 silly packumentCache full:https://registry.npmjs.org/follow-redirects cache-miss
41 http fetch GET 200 https://registry.npmjs.org/proxy-from-env 53ms (cache miss)
42 silly packumentCache full:https://registry.npmjs.org/proxy-from-env set size:undefined disposed:false
43 silly fetch manifest https-proxy-agent@^5.0.1
44 silly packumentCache full:https://registry.npmjs.org/https-proxy-agent cache-miss
45 http fetch GET 200 https://registry.npmjs.org/form-data 67ms (cache miss)
46 silly packumentCache full:https://registry.npmjs.org/form-data set size:undefined disposed:false
47 silly fetch manifest parse5@^7.3.0
48 silly packumentCache full:https://registry.npmjs.org/parse5 cache-miss
49 http fetch GET 200 https://registry.npmjs.org/https-proxy-agent 44ms (cache miss)
50 silly packumentCache full:https://registry.npmjs.org/https-proxy-agent set size:undefined disposed:false
51 silly fetch manifest undici@^7.19.0
52 silly packumentCache full:https://registry.npmjs.org/undici cache-miss
53 http fetch GET 200 https://registry.npmjs.org/parse5 65ms (cache miss)
54 silly packumentCache full:https://registry.npmjs.org/parse5 set size:undefined disposed:false
55 silly fetch manifest domutils@^3.2.2
56 silly packumentCache full:https://registry.npmjs.org/domutils cache-miss
57 http fetch GET 200 https://registry.npmjs.org/follow-redirects 145ms (cache miss)
58 silly packumentCache full:https://registry.npmjs.org/follow-redirects set size:undefined disposed:false
59 silly fetch manifest domhandler@^5.0.3
60 silly packumentCache full:https://registry.npmjs.org/domhandler cache-miss
61 http fetch GET 200 https://registry.npmjs.org/domutils 61ms (cache miss)
62 silly packumentCache full:https://registry.npmjs.org/domutils set size:undefined disposed:false
63 silly fetch manifest htmlparser2@^10.1.0
64 silly packumentCache full:https://registry.npmjs.org/htmlparser2 cache-miss
65 http fetch GET 200 https://registry.npmjs.org/domhandler 65ms (cache miss)
66 silly packumentCache full:https://registry.npmjs.org/domhandler set size:undefined disposed:false
67 silly fetch manifest cheerio-select@^2.1.0
68 silly packumentCache full:https://registry.npmjs.org/cheerio-select cache-miss
69 http fetch GET 200 https://registry.npmjs.org/undici 124ms (cache miss)
70 silly packumentCache full:https://registry.npmjs.org/undici set size:undefined disposed:false
71 silly fetch manifest dom-serializer@^2.0.0
72 silly packumentCache full:https://registry.npmjs.org/dom-serializer cache-miss
73 http fetch GET 200 https://registry.npmjs.org/dom-serializer 156ms (cache miss)
74 silly packumentCache full:https://registry.npmjs.org/dom-serializer set size:undefined disposed:false
75 silly fetch manifest whatwg-mimetype@^4.0.0
76 silly packumentCache full:https://registry.npmjs.org/whatwg-mimetype cache-miss
77 http fetch GET 200 https://registry.npmjs.org/htmlparser2 213ms (cache miss)
78 silly packumentCache full:https://registry.npmjs.org/htmlparser2 set size:undefined disposed:false
79 silly fetch manifest encoding-sniffer@^0.2.1
80 silly packumentCache full:https://registry.npmjs.org/encoding-sniffer cache-miss
81 http fetch GET 200 https://registry.npmjs.org/whatwg-mimetype 49ms (cache miss)
82 silly packumentCache full:https://registry.npmjs.org/whatwg-mimetype set size:undefined disposed:false
83 silly fetch manifest parse5-parser-stream@^7.1.2
84 silly packumentCache full:https://registry.npmjs.org/parse5-parser-stream cache-miss
85 http fetch GET 200 https://registry.npmjs.org/cheerio-select 274ms (cache miss)
86 silly packumentCache full:https://registry.npmjs.org/cheerio-select set size:undefined disposed:false
87 silly fetch manifest parse5-htmlparser2-tree-adapter@^7.1.0
88 silly packumentCache full:https://registry.npmjs.org/parse5-htmlparser2-tree-adapter cache-miss
89 http fetch GET 200 https://registry.npmjs.org/parse5-htmlparser2-tree-adapter 44ms (cache miss)
90 silly packumentCache full:https://registry.npmjs.org/parse5-htmlparser2-tree-adapter set size:undefined disposed:false
91 silly fetch manifest object-assign@^4
92 silly packumentCache full:https://registry.npmjs.org/object-assign cache-miss
93 http fetch GET 200 https://registry.npmjs.org/object-assign 41ms (cache miss)
94 silly packumentCache full:https://registry.npmjs.org/object-assign set size:undefined disposed:false
95 silly fetch manifest vary@^1
96 silly packumentCache full:https://registry.npmjs.org/vary cache-miss
97 http fetch GET 200 https://registry.npmjs.org/vary 34ms (cache miss)
98 silly packumentCache full:https://registry.npmjs.org/vary set size:undefined disposed:false
99 silly fetch manifest qs@~6.15.1
100 silly packumentCache full:https://registry.npmjs.org/qs cache-miss
101 http fetch GET 200 https://registry.npmjs.org/qs 55ms (cache miss)
102 silly packumentCache full:https://registry.npmjs.org/qs set size:undefined disposed:false
103 silly fetch manifest depd@2.0.0
104 silly packumentCache full:https://registry.npmjs.org/depd cache-miss
105 http fetch GET 200 https://registry.npmjs.org/depd 42ms (cache miss)
106 silly packumentCache full:https://registry.npmjs.org/depd set size:undefined disposed:false
107 silly fetch manifest etag@~1.8.1
108 silly packumentCache full:https://registry.npmjs.org/etag cache-miss
109 http fetch GET 200 https://registry.npmjs.org/encoding-sniffer 303ms (cache miss)
110 silly packumentCache full:https://registry.npmjs.org/encoding-sniffer set size:undefined disposed:false
111 silly fetch manifest send@~0.19.0
112 silly packumentCache full:https://registry.npmjs.org/send cache-miss
113 http fetch GET 200 https://registry.npmjs.org/parse5-parser-stream 279ms (cache miss)
114 silly packumentCache full:https://registry.npmjs.org/parse5-parser-stream set size:undefined disposed:false
115 silly fetch manifest vary@~1.1.2
116 silly packumentCache full:https://registry.npmjs.org/vary cache-miss
117 http cache https://registry.npmjs.org/vary 19ms (cache hit)
118 silly packumentCache full:https://registry.npmjs.org/vary set size:15994 disposed:false
119 silly fetch manifest debug@2.6.9
120 silly packumentCache full:https://registry.npmjs.org/debug cache-miss
121 http fetch GET 200 https://registry.npmjs.org/etag 155ms (cache miss)
122 silly packumentCache full:https://registry.npmjs.org/etag set size:undefined disposed:false
123 silly fetch manifest fresh@~0.5.2
124 silly packumentCache full:https://registry.npmjs.org/fresh cache-miss
125 http fetch GET 200 https://registry.npmjs.org/send 174ms (cache miss)
126 silly packumentCache full:https://registry.npmjs.org/send set size:undefined disposed:false
127 silly fetch manifest cookie@~0.7.1
128 silly packumentCache full:https://registry.npmjs.org/cookie cache-miss
129 http fetch GET 200 https://registry.npmjs.org/debug 199ms (cache miss)
130 silly packumentCache full:https://registry.npmjs.org/debug set size:undefined disposed:false
131 silly fetch manifest accepts@~1.3.8
132 silly packumentCache full:https://registry.npmjs.org/accepts cache-miss
133 http fetch GET 200 https://registry.npmjs.org/fresh 118ms (cache miss)
134 silly packumentCache full:https://registry.npmjs.org/fresh set size:undefined disposed:false
135 silly fetch manifest methods@~1.1.2
136 silly packumentCache full:https://registry.npmjs.org/methods cache-miss
137 http fetch GET 200 https://registry.npmjs.org/cookie 118ms (cache miss)
138 silly packumentCache full:https://registry.npmjs.org/cookie set size:undefined disposed:false
139 silly fetch manifest type-is@~1.6.18
140 silly packumentCache full:https://registry.npmjs.org/type-is cache-miss
141 http fetch GET 200 https://registry.npmjs.org/methods 96ms (cache miss)
142 silly packumentCache full:https://registry.npmjs.org/methods set size:undefined disposed:false
143 silly fetch manifest parseurl@~1.3.3
144 silly packumentCache full:https://registry.npmjs.org/parseurl cache-miss
145 http fetch GET 200 https://registry.npmjs.org/accepts 137ms (cache miss)
146 silly packumentCache full:https://registry.npmjs.org/accepts set size:undefined disposed:false
147 silly fetch manifest statuses@~2.0.1
148 silly packumentCache full:https://registry.npmjs.org/statuses cache-miss
149 http fetch GET 200 https://registry.npmjs.org/type-is 240ms (cache miss)
150 silly packumentCache full:https://registry.npmjs.org/type-is set size:undefined disposed:false
151 silly fetch manifest encodeurl@~2.0.0
152 silly packumentCache full:https://registry.npmjs.org/encodeurl cache-miss
153 http fetch GET 200 https://registry.npmjs.org/parseurl 195ms (cache miss)
154 silly packumentCache full:https://registry.npmjs.org/parseurl set size:undefined disposed:false
155 silly fetch manifest proxy-addr@~2.0.7
156 silly packumentCache full:https://registry.npmjs.org/proxy-addr cache-miss
157 http fetch GET 200 https://registry.npmjs.org/statuses 182ms (cache miss)
158 silly packumentCache full:https://registry.npmjs.org/statuses set size:undefined disposed:false
159 silly fetch manifest body-parser@~1.20.5
160 silly packumentCache full:https://registry.npmjs.org/body-parser cache-miss
161 http fetch GET 200 https://registry.npmjs.org/encodeurl 86ms (cache miss)
162 silly packumentCache full:https://registry.npmjs.org/encodeurl set size:undefined disposed:false
163 silly fetch manifest escape-html@~1.0.3
164 silly packumentCache full:https://registry.npmjs.org/escape-html cache-miss
165 http fetch GET 200 https://registry.npmjs.org/proxy-addr 82ms (cache miss)
166 silly packumentCache full:https://registry.npmjs.org/proxy-addr set size:undefined disposed:false
167 silly fetch manifest http-errors@~2.0.0
168 silly packumentCache full:https://registry.npmjs.org/http-errors cache-miss
169 http fetch GET 200 https://registry.npmjs.org/body-parser 92ms (cache miss)
170 silly packumentCache full:https://registry.npmjs.org/body-parser set size:undefined disposed:false
171 silly fetch manifest on-finished@~2.4.1
172 silly packumentCache full:https://registry.npmjs.org/on-finished cache-miss
173 http fetch GET 200 https://registry.npmjs.org/escape-html 154ms (cache miss)
174 silly packumentCache full:https://registry.npmjs.org/escape-html set size:undefined disposed:false
175 silly fetch manifest safe-buffer@5.2.1
176 silly packumentCache full:https://registry.npmjs.org/safe-buffer cache-miss
177 http fetch GET 200 https://registry.npmjs.org/on-finished 180ms (cache miss)
178 silly packumentCache full:https://registry.npmjs.org/on-finished set size:undefined disposed:false
179 silly fetch manifest utils-merge@1.0.1
180 silly packumentCache full:https://registry.npmjs.org/utils-merge cache-miss
181 http fetch GET 200 https://registry.npmjs.org/http-errors 236ms (cache miss)
182 silly packumentCache full:https://registry.npmjs.org/http-errors set size:undefined disposed:false
183 silly fetch manifest content-type@~1.0.4
184 silly packumentCache full:https://registry.npmjs.org/content-type cache-miss
185 http fetch GET 200 https://registry.npmjs.org/safe-buffer 113ms (cache miss)
186 silly packumentCache full:https://registry.npmjs.org/safe-buffer set size:undefined disposed:false
187 silly fetch manifest finalhandler@~1.3.1
188 silly packumentCache full:https://registry.npmjs.org/finalhandler cache-miss
189 http fetch GET 200 https://registry.npmjs.org/content-type 40ms (cache miss)
190 silly packumentCache full:https://registry.npmjs.org/content-type set size:undefined disposed:false
191 silly fetch manifest range-parser@~1.2.1
192 silly packumentCache full:https://registry.npmjs.org/range-parser cache-miss
193 http fetch GET 200 https://registry.npmjs.org/utils-merge 56ms (cache miss)
194 silly packumentCache full:https://registry.npmjs.org/utils-merge set size:undefined disposed:false
195 silly fetch manifest serve-static@~1.16.2
196 silly packumentCache full:https://registry.npmjs.org/serve-static cache-miss
197 http fetch GET 200 https://registry.npmjs.org/finalhandler 47ms (cache miss)
198 silly packumentCache full:https://registry.npmjs.org/finalhandler set size:undefined disposed:false
199 silly fetch manifest array-flatten@1.1.1
200 silly packumentCache full:https://registry.npmjs.org/array-flatten cache-miss
201 http fetch GET 200 https://registry.npmjs.org/range-parser 50ms (cache miss)
202 silly packumentCache full:https://registry.npmjs.org/range-parser set size:undefined disposed:false
203 silly fetch manifest path-to-regexp@~0.1.12
204 silly packumentCache full:https://registry.npmjs.org/path-to-regexp cache-miss
205 http fetch GET 200 https://registry.npmjs.org/serve-static 56ms (cache miss)
206 silly packumentCache full:https://registry.npmjs.org/serve-static set size:undefined disposed:false
207 silly fetch manifest setprototypeof@1.2.0
208 silly packumentCache full:https://registry.npmjs.org/setprototypeof cache-miss
209 http fetch GET 200 https://registry.npmjs.org/array-flatten 49ms (cache miss)
210 silly packumentCache full:https://registry.npmjs.org/array-flatten set size:undefined disposed:false
211 silly fetch manifest cookie-signature@~1.0.6
212 silly packumentCache full:https://registry.npmjs.org/cookie-signature cache-miss
213 http fetch GET 200 https://registry.npmjs.org/setprototypeof 38ms (cache miss)
214 silly packumentCache full:https://registry.npmjs.org/setprototypeof set size:undefined disposed:false
215 silly fetch manifest merge-descriptors@1.0.3
216 silly packumentCache full:https://registry.npmjs.org/merge-descriptors cache-miss
217 http fetch GET 200 https://registry.npmjs.org/path-to-regexp 55ms (cache miss)
218 silly packumentCache full:https://registry.npmjs.org/path-to-regexp set size:undefined disposed:false
219 silly fetch manifest content-disposition@~0.5.4
220 silly packumentCache full:https://registry.npmjs.org/content-disposition cache-miss
221 http fetch GET 200 https://registry.npmjs.org/cookie-signature 54ms (cache miss)
222 silly packumentCache full:https://registry.npmjs.org/cookie-signature set size:undefined disposed:false
223 http fetch GET 200 https://registry.npmjs.org/merge-descriptors 40ms (cache miss)
224 silly packumentCache full:https://registry.npmjs.org/merge-descriptors set size:undefined disposed:false
225 http fetch GET 200 https://registry.npmjs.org/content-disposition 46ms (cache miss)
226 silly packumentCache full:https://registry.npmjs.org/content-disposition set size:undefined disposed:false
227 silly placeDep ROOT follow-redirects@1.16.0 OK for: axios@1.18.1 want: ^1.16.0
228 silly placeDep ROOT form-data@4.0.6 OK for: axios@1.18.1 want: ^4.0.5
229 silly placeDep ROOT https-proxy-agent@5.0.1 OK for: axios@1.18.1 want: ^5.0.1
230 silly placeDep ROOT proxy-from-env@2.1.0 OK for: axios@1.18.1 want: ^2.1.0
231 silly fetch manifest hasown@^2.0.4
232 silly packumentCache full:https://registry.npmjs.org/hasown cache-miss
233 silly fetch manifest asynckit@^0.4.0
234 silly packumentCache full:https://registry.npmjs.org/asynckit cache-miss
235 silly fetch manifest mime-types@^2.1.35
236 silly packumentCache full:https://registry.npmjs.org/mime-types cache-miss
237 http fetch GET 200 https://registry.npmjs.org/asynckit 50ms (cache miss)
238 silly packumentCache full:https://registry.npmjs.org/asynckit set size:undefined disposed:false
239 silly fetch manifest combined-stream@^1.0.8
240 silly packumentCache full:https://registry.npmjs.org/combined-stream cache-miss
241 http fetch GET 200 https://registry.npmjs.org/mime-types 55ms (cache miss)
242 silly packumentCache full:https://registry.npmjs.org/mime-types set size:undefined disposed:false
243 silly fetch manifest es-set-tostringtag@^2.1.0
244 silly packumentCache full:https://registry.npmjs.org/es-set-tostringtag cache-miss
245 http fetch GET 200 https://registry.npmjs.org/combined-stream 43ms (cache miss)
246 silly packumentCache full:https://registry.npmjs.org/combined-stream set size:undefined disposed:false
247 silly fetch manifest debug@4
248 silly packumentCache full:https://registry.npmjs.org/debug cache-miss
249 http fetch GET 200 https://registry.npmjs.org/es-set-tostringtag 40ms (cache miss)
250 silly packumentCache full:https://registry.npmjs.org/es-set-tostringtag set size:undefined disposed:false
251 silly fetch manifest agent-base@6
252 silly packumentCache full:https://registry.npmjs.org/agent-base cache-miss
253 http cache https://registry.npmjs.org/debug 15ms (cache hit)
254 silly packumentCache full:https://registry.npmjs.org/debug set size:195840 disposed:false
255 http fetch GET 200 https://registry.npmjs.org/agent-base 52ms (cache miss)
256 silly packumentCache full:https://registry.npmjs.org/agent-base set size:undefined disposed:false
257 http fetch GET 200 https://registry.npmjs.org/hasown 290ms (cache miss)
258 silly packumentCache full:https://registry.npmjs.org/hasown set size:undefined disposed:false
259 silly placeDep ROOT cheerio-select@2.1.0 OK for: cheerio@1.2.0 want: ^2.1.0
260 silly placeDep ROOT dom-serializer@2.0.0 OK for: cheerio@1.2.0 want: ^2.0.0
261 silly placeDep ROOT domhandler@5.0.3 OK for: cheerio@1.2.0 want: ^5.0.3
262 silly placeDep ROOT domutils@3.2.2 OK for: cheerio@1.2.0 want: ^3.2.2
263 silly placeDep ROOT encoding-sniffer@0.2.1 OK for: cheerio@1.2.0 want: ^0.2.1
264 silly placeDep ROOT htmlparser2@10.1.0 OK for: cheerio@1.2.0 want: ^10.1.0
265 silly placeDep ROOT parse5@7.3.0 OK for: cheerio@1.2.0 want: ^7.3.0
266 silly placeDep ROOT parse5-htmlparser2-tree-adapter@7.1.0 OK for: cheerio@1.2.0 want: ^7.1.0
267 silly placeDep ROOT parse5-parser-stream@7.1.2 OK for: cheerio@1.2.0 want: ^7.1.2
268 silly placeDep ROOT undici@7.28.0 OK for: cheerio@1.2.0 want: ^7.19.0
269 silly placeDep ROOT whatwg-mimetype@4.0.0 OK for: cheerio@1.2.0 want: ^4.0.0
270 silly fetch manifest boolbase@^1.0.0
271 silly packumentCache full:https://registry.npmjs.org/boolbase cache-miss
272 silly fetch manifest css-what@^6.1.0
273 silly packumentCache full:https://registry.npmjs.org/css-what cache-miss
274 silly fetch manifest domutils@^3.0.1
275 silly packumentCache full:https://registry.npmjs.org/domutils cache-miss
276 http cache https://registry.npmjs.org/domutils 13ms (cache hit)
277 silly packumentCache full:https://registry.npmjs.org/domutils set size:110068 disposed:false
278 silly fetch manifest css-select@^5.1.0
279 silly packumentCache full:https://registry.npmjs.org/css-select cache-miss
280 http fetch GET 200 https://registry.npmjs.org/css-what 50ms (cache miss)
281 silly packumentCache full:https://registry.npmjs.org/css-what set size:undefined disposed:false
282 silly fetch manifest domelementtype@^2.3.0
283 silly packumentCache full:https://registry.npmjs.org/domelementtype cache-miss
284 http fetch GET 200 https://registry.npmjs.org/css-select 50ms (cache miss)
285 silly packumentCache full:https://registry.npmjs.org/css-select set size:undefined disposed:false
286 silly fetch manifest entities@^4.2.0
287 silly packumentCache full:https://registry.npmjs.org/entities cache-miss
288 http fetch GET 200 https://registry.npmjs.org/domelementtype 36ms (cache miss)
289 silly packumentCache full:https://registry.npmjs.org/domelementtype set size:undefined disposed:false
290 silly fetch manifest domhandler@^5.0.2
291 silly packumentCache full:https://registry.npmjs.org/domhandler cache-miss
292 http cache https://registry.npmjs.org/domhandler 12ms (cache hit)
293 silly packumentCache full:https://registry.npmjs.org/domhandler set size:78187 disposed:false
294 silly fetch manifest iconv-lite@^0.6.3
295 silly packumentCache full:https://registry.npmjs.org/iconv-lite cache-miss
296 http fetch GET 200 https://registry.npmjs.org/entities 47ms (cache miss)
297 silly packumentCache full:https://registry.npmjs.org/entities set size:undefined disposed:false
298 silly fetch manifest whatwg-encoding@^3.1.1
299 silly packumentCache full:https://registry.npmjs.org/whatwg-encoding cache-miss
300 http fetch GET 200 https://registry.npmjs.org/iconv-lite 46ms (cache miss)
301 silly packumentCache full:https://registry.npmjs.org/iconv-lite set size:undefined disposed:false
302 silly fetch manifest entities@^7.0.1
303 silly packumentCache full:https://registry.npmjs.org/entities cache-miss
304 http fetch GET 200 https://registry.npmjs.org/whatwg-encoding 45ms (cache miss)
305 silly packumentCache full:https://registry.npmjs.org/whatwg-encoding set size:undefined disposed:false
306 silly fetch manifest entities@^6.0.0
307 silly packumentCache full:https://registry.npmjs.org/entities cache-miss
308 http cache https://registry.npmjs.org/entities 14ms (cache hit)
309 silly packumentCache full:https://registry.npmjs.org/entities set size:101550 disposed:false
310 http cache https://registry.npmjs.org/entities 15ms (cache hit)
311 silly packumentCache full:https://registry.npmjs.org/entities set size:101550 disposed:false
312 silly packumentCache full:https://registry.npmjs.org/entities dispose
313 http fetch GET 200 https://registry.npmjs.org/boolbase 271ms (cache miss)
314 silly packumentCache full:https://registry.npmjs.org/boolbase set size:undefined disposed:false
315 silly placeDep ROOT boolbase@1.0.0 OK for: cheerio-select@2.1.0 want: ^1.0.0
316 silly placeDep ROOT css-select@5.2.2 OK for: cheerio-select@2.1.0 want: ^5.1.0
317 silly placeDep ROOT css-what@6.2.2 OK for: cheerio-select@2.1.0 want: ^6.1.0
318 silly placeDep ROOT domelementtype@2.3.0 OK for: cheerio-select@2.1.0 want: ^2.3.0
319 silly fetch manifest nth-check@^2.0.1
320 silly packumentCache full:https://registry.npmjs.org/nth-check cache-miss
321 http fetch GET 200 https://registry.npmjs.org/nth-check 36ms (cache miss)
322 silly packumentCache full:https://registry.npmjs.org/nth-check set size:undefined disposed:false
323 silly placeDep ROOT object-assign@4.1.1 OK for: cors@2.8.6 want: ^4
324 silly placeDep ROOT vary@1.1.2 OK for: cors@2.8.6 want: ^1
325 silly placeDep ROOT nth-check@2.1.1 OK for: css-select@5.2.2 want: ^2.0.1
326 silly placeDep ROOT entities@4.5.0 OK for: dom-serializer@2.0.0 want: ^4.2.0
327 silly placeDep ROOT iconv-lite@0.6.3 OK for: encoding-sniffer@0.2.1 want: ^0.6.3
328 silly placeDep ROOT whatwg-encoding@3.1.1 OK for: encoding-sniffer@0.2.1 want: ^3.1.1
329 silly fetch manifest safer-buffer@>= 2.1.2 < 3.0.0
330 silly packumentCache full:https://registry.npmjs.org/safer-buffer cache-miss
331 http fetch GET 200 https://registry.npmjs.org/safer-buffer 36ms (cache miss)
332 silly packumentCache full:https://registry.npmjs.org/safer-buffer set size:undefined disposed:false
333 silly placeDep ROOT accepts@1.3.8 OK for: express@4.22.2 want: ~1.3.8
334 silly placeDep ROOT array-flatten@1.1.1 OK for: express@4.22.2 want: 1.1.1
335 silly placeDep ROOT body-parser@1.20.5 OK for: express@4.22.2 want: ~1.20.5
336 silly placeDep ROOT content-disposition@0.5.4 OK for: express@4.22.2 want: ~0.5.4
337 silly placeDep ROOT content-type@1.0.5 OK for: express@4.22.2 want: ~1.0.4
338 silly placeDep ROOT cookie@0.7.2 OK for: express@4.22.2 want: ~0.7.1
339 silly placeDep ROOT cookie-signature@1.0.7 OK for: express@4.22.2 want: ~1.0.6
340 silly placeDep ROOT debug@2.6.9 OK for: express@4.22.2 want: 2.6.9
341 silly placeDep ROOT depd@2.0.0 OK for: express@4.22.2 want: 2.0.0
342 silly placeDep ROOT encodeurl@2.0.0 OK for: express@4.22.2 want: ~2.0.0
343 silly placeDep ROOT escape-html@1.0.3 OK for: express@4.22.2 want: ~1.0.3
344 silly placeDep ROOT etag@1.8.1 OK for: express@4.22.2 want: ~1.8.1
345 silly placeDep ROOT finalhandler@1.3.2 OK for: express@4.22.2 want: ~1.3.1
346 silly placeDep ROOT fresh@0.5.2 OK for: express@4.22.2 want: ~0.5.2
347 silly placeDep ROOT http-errors@2.0.1 OK for: express@4.22.2 want: ~2.0.0
348 silly placeDep ROOT merge-descriptors@1.0.3 OK for: express@4.22.2 want: 1.0.3
349 silly placeDep ROOT methods@1.1.2 OK for: express@4.22.2 want: ~1.1.2
350 silly placeDep ROOT on-finished@2.4.1 OK for: express@4.22.2 want: ~2.4.1
351 silly placeDep ROOT parseurl@1.3.3 OK for: express@4.22.2 want: ~1.3.3
352 silly placeDep ROOT path-to-regexp@0.1.13 OK for: express@4.22.2 want: ~0.1.12
353 silly placeDep ROOT proxy-addr@2.0.7 OK for: express@4.22.2 want: ~2.0.7
354 silly placeDep ROOT qs@6.15.3 OK for: express@4.22.2 want: ~6.15.1
355 silly placeDep ROOT range-parser@1.2.1 OK for: express@4.22.2 want: ~1.2.1
356 silly placeDep ROOT safe-buffer@5.2.1 OK for: express@4.22.2 want: 5.2.1
357 silly placeDep ROOT send@0.19.2 OK for: express@4.22.2 want: ~0.19.0
358 silly placeDep ROOT serve-static@1.16.3 OK for: express@4.22.2 want: ~1.16.2
359 silly placeDep ROOT setprototypeof@1.2.0 OK for: express@4.22.2 want: 1.2.0
360 silly placeDep ROOT statuses@2.0.2 OK for: express@4.22.2 want: ~2.0.1
361 silly placeDep ROOT type-is@1.6.18 OK for: express@4.22.2 want: ~1.6.18
362 silly placeDep ROOT utils-merge@1.0.1 OK for: express@4.22.2 want: 1.0.1
363 silly fetch manifest mime-types@~2.1.34
364 silly packumentCache full:https://registry.npmjs.org/mime-types cache-miss
365 silly fetch manifest negotiator@0.6.3
366 silly packumentCache full:https://registry.npmjs.org/negotiator cache-miss
367 silly fetch manifest bytes@~3.1.2
368 silly packumentCache full:https://registry.npmjs.org/bytes cache-miss
369 http cache https://registry.npmjs.org/mime-types 22ms (cache hit)
370 silly packumentCache full:https://registry.npmjs.org/mime-types set size:139110 disposed:false
371 silly fetch manifest unpipe@~1.0.0
372 silly packumentCache full:https://registry.npmjs.org/unpipe cache-miss
373 http fetch GET 200 https://registry.npmjs.org/negotiator 96ms (cache miss)
374 silly packumentCache full:https://registry.npmjs.org/negotiator set size:undefined disposed:false
375 silly fetch manifest destroy@~1.2.0
376 silly packumentCache full:https://registry.npmjs.org/destroy cache-miss
377 http fetch GET 200 https://registry.npmjs.org/bytes 102ms (cache miss)
378 silly packumentCache full:https://registry.npmjs.org/bytes set size:undefined disposed:false
379 silly fetch manifest raw-body@~2.5.3
380 silly packumentCache full:https://registry.npmjs.org/raw-body cache-miss
381 http fetch GET 200 https://registry.npmjs.org/unpipe 97ms (cache miss)
382 silly packumentCache full:https://registry.npmjs.org/unpipe set size:undefined disposed:false
383 silly fetch manifest iconv-lite@~0.4.24
384 silly packumentCache full:https://registry.npmjs.org/iconv-lite cache-miss
385 http cache https://registry.npmjs.org/iconv-lite 24ms (cache hit)
386 silly packumentCache full:https://registry.npmjs.org/iconv-lite set size:120557 disposed:false
387 silly fetch manifest http-errors@~2.0.1
388 silly packumentCache full:https://registry.npmjs.org/http-errors cache-miss
389 http fetch GET 200 https://registry.npmjs.org/destroy 62ms (cache miss)
390 silly packumentCache full:https://registry.npmjs.org/destroy set size:undefined disposed:false
391 silly fetch manifest content-type@~1.0.5
392 silly packumentCache full:https://registry.npmjs.org/content-type cache-miss
393 http cache https://registry.npmjs.org/http-errors 40ms (cache hit)
394 silly packumentCache full:https://registry.npmjs.org/http-errors set size:71987 disposed:false
395 silly fetch manifest ms@2.0.0
396 silly packumentCache full:https://registry.npmjs.org/ms cache-miss
397 http cache https://registry.npmjs.org/content-type 46ms (cache hit)
398 silly packumentCache full:https://registry.npmjs.org/content-type set size:18994 disposed:false
399 silly fetch manifest statuses@~2.0.2
400 silly packumentCache full:https://registry.npmjs.org/statuses cache-miss
401 http cache https://registry.npmjs.org/statuses 37ms (cache hit)
402 silly packumentCache full:https://registry.npmjs.org/statuses set size:37117 disposed:false
403 silly fetch manifest inherits@~2.0.4
404 silly packumentCache full:https://registry.npmjs.org/inherits cache-miss
405 http fetch GET 200 https://registry.npmjs.org/ms 71ms (cache miss)
406 silly packumentCache full:https://registry.npmjs.org/ms set size:undefined disposed:false
407 silly fetch manifest setprototypeof@~1.2.0
408 silly packumentCache full:https://registry.npmjs.org/setprototypeof cache-miss
409 http cache https://registry.npmjs.org/setprototypeof 31ms (cache hit)
410 silly packumentCache full:https://registry.npmjs.org/setprototypeof set size:14532 disposed:false
411 silly fetch manifest toidentifier@~1.0.1
412 silly packumentCache full:https://registry.npmjs.org/toidentifier cache-miss
413 http fetch GET 200 https://registry.npmjs.org/inherits 61ms (cache miss)
414 silly packumentCache full:https://registry.npmjs.org/inherits set size:undefined disposed:false
415 silly fetch manifest ee-first@1.1.1
416 silly packumentCache full:https://registry.npmjs.org/ee-first cache-miss
417 http fetch GET 200 https://registry.npmjs.org/toidentifier 39ms (cache miss)
418 silly packumentCache full:https://registry.npmjs.org/toidentifier set size:undefined disposed:false
419 silly fetch manifest forwarded@0.2.0
420 silly packumentCache full:https://registry.npmjs.org/forwarded cache-miss
421 http fetch GET 200 https://registry.npmjs.org/ee-first 36ms (cache miss)
422 silly packumentCache full:https://registry.npmjs.org/ee-first set size:undefined disposed:false
423 silly fetch manifest ipaddr.js@1.9.1
424 silly packumentCache full:https://registry.npmjs.org/ipaddr.js cache-miss
425 http fetch GET 200 https://registry.npmjs.org/forwarded 46ms (cache miss)
426 silly packumentCache full:https://registry.npmjs.org/forwarded set size:undefined disposed:false
427 silly fetch manifest side-channel@^1.1.1
428 silly packumentCache full:https://registry.npmjs.org/side-channel cache-miss
429 http fetch GET 200 https://registry.npmjs.org/raw-body 296ms (cache miss)
430 silly packumentCache full:https://registry.npmjs.org/raw-body set size:undefined disposed:false
431 silly fetch manifest es-define-property@^1.0.1
432 silly packumentCache full:https://registry.npmjs.org/es-define-property cache-miss
433 http fetch GET 200 https://registry.npmjs.org/ipaddr.js 58ms (cache miss)
434 silly packumentCache full:https://registry.npmjs.org/ipaddr.js set size:undefined disposed:false
435 silly fetch manifest ms@2.1.3
436 silly packumentCache full:https://registry.npmjs.org/ms cache-miss
437 http cache https://registry.npmjs.org/ms 10ms (cache hit)
438 silly packumentCache full:https://registry.npmjs.org/ms set size:92208 disposed:false
439 silly fetch manifest mime@1.6.0
440 silly packumentCache full:https://registry.npmjs.org/mime cache-miss
441 http fetch GET 200 https://registry.npmjs.org/es-define-property 40ms (cache miss)
442 silly packumentCache full:https://registry.npmjs.org/es-define-property set size:undefined disposed:false
443 silly fetch manifest destroy@1.2.0
444 silly packumentCache full:https://registry.npmjs.org/destroy cache-miss
445 http fetch GET 200 https://registry.npmjs.org/side-channel 52ms (cache miss)
446 silly packumentCache full:https://registry.npmjs.org/side-channel set size:undefined disposed:false
447 silly fetch manifest mime-types@~2.1.24
448 silly packumentCache full:https://registry.npmjs.org/mime-types cache-hit
449 silly fetch manifest media-typer@0.3.0
450 silly packumentCache full:https://registry.npmjs.org/media-typer cache-miss
451 http cache https://registry.npmjs.org/destroy 22ms (cache hit)
452 silly packumentCache full:https://registry.npmjs.org/destroy set size:15738 disposed:false
453 http fetch GET 200 https://registry.npmjs.org/mime 52ms (cache miss)
454 silly packumentCache full:https://registry.npmjs.org/mime set size:undefined disposed:false
455 http fetch GET 200 https://registry.npmjs.org/media-typer 129ms (cache miss)
456 silly packumentCache full:https://registry.npmjs.org/media-typer set size:undefined disposed:false
457 silly placeDep ROOT mime-types@2.1.35 OK for: accepts@1.3.8 want: ~2.1.34
458 silly placeDep ROOT negotiator@0.6.3 OK for: accepts@1.3.8 want: 0.6.3
459 silly fetch manifest mime-db@1.52.0
460 silly packumentCache full:https://registry.npmjs.org/mime-db cache-miss
461 http fetch GET 200 https://registry.npmjs.org/mime-db 45ms (cache miss)
462 silly packumentCache full:https://registry.npmjs.org/mime-db set size:undefined disposed:false
463 silly placeDep ROOT bytes@3.1.2 OK for: body-parser@1.20.5 want: ~3.1.2
464 silly placeDep ROOT destroy@1.2.0 OK for: body-parser@1.20.5 want: ~1.2.0
465 silly placeDep node_modules/body-parser iconv-lite@0.4.24 OK for: body-parser@1.20.5 want: ~0.4.24
466 silly placeDep ROOT raw-body@2.5.3 OK for: body-parser@1.20.5 want: ~2.5.3
467 silly placeDep ROOT unpipe@1.0.0 OK for: body-parser@1.20.5 want: ~1.0.0
468 silly fetch manifest safer-buffer@>= 2.1.2 < 3
469 silly packumentCache full:https://registry.npmjs.org/safer-buffer cache-miss
470 http cache https://registry.npmjs.org/safer-buffer 11ms (cache hit)
471 silly packumentCache full:https://registry.npmjs.org/safer-buffer set size:18521 disposed:false
472 silly placeDep ROOT ms@2.0.0 OK for: debug@2.6.9 want: 2.0.0
473 silly placeDep ROOT asynckit@0.4.0 OK for: form-data@4.0.6 want: ^0.4.0
474 silly placeDep ROOT combined-stream@1.0.8 OK for: form-data@4.0.6 want: ^1.0.8
475 silly placeDep ROOT es-set-tostringtag@2.1.0 OK for: form-data@4.0.6 want: ^2.1.0
476 silly placeDep ROOT hasown@2.0.4 OK for: form-data@4.0.6 want: ^2.0.4
477 silly fetch manifest delayed-stream@~1.0.0
478 silly packumentCache full:https://registry.npmjs.org/delayed-stream cache-miss
479 silly fetch manifest es-errors@^1.3.0
480 silly packumentCache full:https://registry.npmjs.org/es-errors cache-miss
481 silly fetch manifest get-intrinsic@^1.2.6
482 silly packumentCache full:https://registry.npmjs.org/get-intrinsic cache-miss
483 http fetch GET 200 https://registry.npmjs.org/delayed-stream 42ms (cache miss)
484 silly packumentCache full:https://registry.npmjs.org/delayed-stream set size:undefined disposed:false
485 silly fetch manifest has-tostringtag@^1.0.2
486 silly packumentCache full:https://registry.npmjs.org/has-tostringtag cache-miss
487 http fetch GET 200 https://registry.npmjs.org/es-errors 48ms (cache miss)
488 silly packumentCache full:https://registry.npmjs.org/es-errors set size:undefined disposed:false
489 silly fetch manifest hasown@^2.0.2
490 silly packumentCache full:https://registry.npmjs.org/hasown cache-miss
491 http fetch GET 200 https://registry.npmjs.org/get-intrinsic 54ms (cache miss)
492 silly packumentCache full:https://registry.npmjs.org/get-intrinsic set size:undefined disposed:false
493 silly fetch manifest function-bind@^1.1.2
494 silly packumentCache full:https://registry.npmjs.org/function-bind cache-miss
495 http cache https://registry.npmjs.org/hasown 18ms (cache hit)
496 silly packumentCache full:https://registry.npmjs.org/hasown set size:18361 disposed:false
497 http fetch GET 200 https://registry.npmjs.org/has-tostringtag 39ms (cache miss)
498 silly packumentCache full:https://registry.npmjs.org/has-tostringtag set size:undefined disposed:false
499 http fetch GET 200 https://registry.npmjs.org/function-bind 36ms (cache miss)
500 silly packumentCache full:https://registry.npmjs.org/function-bind set size:undefined disposed:false
501 silly placeDep ROOT delayed-stream@1.0.0 OK for: combined-stream@1.0.8 want: ~1.0.0
502 silly placeDep ROOT es-errors@1.3.0 OK for: es-set-tostringtag@2.1.0 want: ^1.3.0
503 silly placeDep ROOT get-intrinsic@1.3.0 OK for: es-set-tostringtag@2.1.0 want: ^1.2.6
504 silly placeDep ROOT has-tostringtag@1.0.2 OK for: es-set-tostringtag@2.1.0 want: ^1.0.2
505 silly fetch manifest gopd@^1.2.0
506 silly packumentCache full:https://registry.npmjs.org/gopd cache-miss
507 silly fetch manifest get-proto@^1.0.1
508 silly packumentCache full:https://registry.npmjs.org/get-proto cache-miss
509 silly fetch manifest has-symbols@^1.1.0
510 silly packumentCache full:https://registry.npmjs.org/has-symbols cache-miss
511 http fetch GET 200 https://registry.npmjs.org/gopd 47ms (cache miss)
512 silly packumentCache full:https://registry.npmjs.org/gopd set size:undefined disposed:false
513 silly fetch manifest es-object-atoms@^1.1.1
514 silly packumentCache full:https://registry.npmjs.org/es-object-atoms cache-miss
515 http fetch GET 200 https://registry.npmjs.org/get-proto 54ms (cache miss)
516 silly packumentCache full:https://registry.npmjs.org/get-proto set size:undefined disposed:false
517 silly fetch manifest math-intrinsics@^1.1.0
518 silly packumentCache full:https://registry.npmjs.org/math-intrinsics cache-miss
519 http fetch GET 200 https://registry.npmjs.org/has-symbols 59ms (cache miss)
520 silly packumentCache full:https://registry.npmjs.org/has-symbols set size:undefined disposed:false
521 silly fetch manifest call-bind-apply-helpers@^1.0.2
522 silly packumentCache full:https://registry.npmjs.org/call-bind-apply-helpers cache-miss
523 http fetch GET 200 https://registry.npmjs.org/es-object-atoms 43ms (cache miss)
524 silly packumentCache full:https://registry.npmjs.org/es-object-atoms set size:undefined disposed:false
525 silly fetch manifest has-symbols@^1.0.3
526 silly packumentCache full:https://registry.npmjs.org/has-symbols cache-miss
527 http fetch GET 200 https://registry.npmjs.org/math-intrinsics 42ms (cache miss)
528 silly packumentCache full:https://registry.npmjs.org/math-intrinsics set size:undefined disposed:false
529 http fetch GET 200 https://registry.npmjs.org/call-bind-apply-helpers 42ms (cache miss)
530 silly packumentCache full:https://registry.npmjs.org/call-bind-apply-helpers set size:undefined disposed:false
531 http cache https://registry.npmjs.org/has-symbols 13ms (cache hit)
532 silly packumentCache full:https://registry.npmjs.org/has-symbols set size:21550 disposed:false
533 silly placeDep ROOT call-bind-apply-helpers@1.0.2 OK for: get-intrinsic@1.3.0 want: ^1.0.2
534 silly placeDep ROOT es-define-property@1.0.1 OK for: get-intrinsic@1.3.0 want: ^1.0.1
535 silly placeDep ROOT es-object-atoms@1.1.2 OK for: get-intrinsic@1.3.0 want: ^1.1.1
536 silly placeDep ROOT function-bind@1.1.2 OK for: get-intrinsic@1.3.0 want: ^1.1.2
537 silly placeDep ROOT get-proto@1.0.1 OK for: get-intrinsic@1.3.0 want: ^1.0.1
538 silly placeDep ROOT gopd@1.2.0 OK for: get-intrinsic@1.3.0 want: ^1.2.0
539 silly placeDep ROOT has-symbols@1.1.0 OK for: get-intrinsic@1.3.0 want: ^1.1.0
540 silly placeDep ROOT math-intrinsics@1.1.0 OK for: get-intrinsic@1.3.0 want: ^1.1.0
541 silly fetch manifest dunder-proto@^1.0.1
542 silly packumentCache full:https://registry.npmjs.org/dunder-proto cache-miss
543 http fetch GET 200 https://registry.npmjs.org/dunder-proto 44ms (cache miss)
544 silly packumentCache full:https://registry.npmjs.org/dunder-proto set size:undefined disposed:false
545 silly placeDep ROOT dunder-proto@1.0.1 OK for: get-proto@1.0.1 want: ^1.0.1
546 silly placeDep node_modules/htmlparser2 entities@7.0.1 OK for: htmlparser2@10.1.0 want: ^7.0.1
547 silly placeDep ROOT inherits@2.0.4 OK for: http-errors@2.0.1 want: ~2.0.4
548 silly placeDep ROOT toidentifier@1.0.1 OK for: http-errors@2.0.1 want: ~1.0.1
549 silly placeDep ROOT agent-base@6.0.2 OK for: https-proxy-agent@5.0.1 want: 6
550 silly placeDep node_modules/https-proxy-agent debug@4.4.3 OK for: https-proxy-agent@5.0.1 want: 4
551 silly fetch manifest ms@^2.1.3
552 silly packumentCache full:https://registry.npmjs.org/ms cache-hit
553 silly placeDep node_modules/agent-base debug@4.4.3 OK for: agent-base@6.0.2 want: 4
554 silly placeDep ROOT safer-buffer@2.1.2 OK for: iconv-lite@0.6.3 want: >= 2.1.2 < 3.0.0
555 silly placeDep ROOT mime-db@1.52.0 OK for: mime-types@2.1.35 want: 1.52.0
556 silly placeDep ROOT ee-first@1.1.1 OK for: on-finished@2.4.1 want: 1.1.1
557 silly placeDep node_modules/parse5 entities@6.0.1 OK for: parse5@7.3.0 want: ^6.0.0
558 silly placeDep ROOT forwarded@0.2.0 OK for: proxy-addr@2.0.7 want: 0.2.0
559 silly placeDep ROOT ipaddr.js@1.9.1 OK for: proxy-addr@2.0.7 want: 1.9.1
560 silly placeDep ROOT side-channel@1.1.1 OK for: qs@6.15.3 want: ^1.1.1
561 silly fetch manifest object-inspect@^1.13.4
562 silly packumentCache full:https://registry.npmjs.org/object-inspect cache-miss
563 silly fetch manifest side-channel-list@^1.0.1
564 silly packumentCache full:https://registry.npmjs.org/side-channel-list cache-miss
565 silly fetch manifest side-channel-map@^1.0.1
566 silly packumentCache full:https://registry.npmjs.org/side-channel-map cache-miss
567 http fetch GET 200 https://registry.npmjs.org/side-channel-list 41ms (cache miss)
568 silly packumentCache full:https://registry.npmjs.org/side-channel-list set size:undefined disposed:false
569 silly fetch manifest side-channel-weakmap@^1.0.2
570 silly packumentCache full:https://registry.npmjs.org/side-channel-weakmap cache-miss
571 http fetch GET 200 https://registry.npmjs.org/side-channel-map 46ms (cache miss)
572 silly packumentCache full:https://registry.npmjs.org/side-channel-map set size:undefined disposed:false
573 http fetch GET 200 https://registry.npmjs.org/object-inspect 50ms (cache miss)
574 silly packumentCache full:https://registry.npmjs.org/object-inspect set size:undefined disposed:false
575 http fetch GET 200 https://registry.npmjs.org/side-channel-weakmap 39ms (cache miss)
576 silly packumentCache full:https://registry.npmjs.org/side-channel-weakmap set size:undefined disposed:false
577 silly placeDep node_modules/raw-body iconv-lite@0.4.24 OK for: raw-body@2.5.3 want: ~0.4.24
578 silly placeDep ROOT mime@1.6.0 OK for: send@0.19.2 want: 1.6.0
579 silly placeDep node_modules/send ms@2.1.3 OK for: send@0.19.2 want: 2.1.3
580 silly placeDep ROOT object-inspect@1.13.4 OK for: side-channel@1.1.1 want: ^1.13.4
581 silly placeDep ROOT side-channel-list@1.0.1 OK for: side-channel@1.1.1 want: ^1.0.1
582 silly placeDep ROOT side-channel-map@1.0.1 OK for: side-channel@1.1.1 want: ^1.0.1
583 silly placeDep ROOT side-channel-weakmap@1.0.2 OK for: side-channel@1.1.1 want: ^1.0.2
584 silly fetch manifest call-bound@^1.0.2
585 silly packumentCache full:https://registry.npmjs.org/call-bound cache-miss
586 silly fetch manifest call-bound@^1.0.2
587 silly packumentCache full:https://registry.npmjs.org/call-bound cache-miss
588 http fetch GET 200 https://registry.npmjs.org/call-bound 285ms (cache miss)
589 silly packumentCache full:https://registry.npmjs.org/call-bound set size:undefined disposed:false
590 http fetch GET 200 https://registry.npmjs.org/call-bound 286ms (cache miss)
591 silly packumentCache full:https://registry.npmjs.org/call-bound set size:undefined disposed:false
592 silly placeDep ROOT call-bound@1.0.4 OK for: side-channel-map@1.0.1 want: ^1.0.2
593 silly placeDep ROOT media-typer@0.3.0 OK for: type-is@1.6.18 want: 0.3.0
594 silly placeDep node_modules/agent-base ms@2.1.3 OK for: debug@4.4.3 want: ^2.1.3
595 silly placeDep node_modules/https-proxy-agent ms@2.1.3 OK for: debug@4.4.3 want: ^2.1.3
596 silly reify moves {}
597 silly audit bulk request {
597 silly audit   axios: [ '1.18.1' ],
597 silly audit   cheerio: [ '1.2.0' ],
597 silly audit   cors: [ '2.8.6' ],
597 silly audit   express: [ '4.22.2' ],
597 silly audit   'follow-redirects': [ '1.16.0' ],
597 silly audit   'form-data': [ '4.0.6' ],
597 silly audit   'https-proxy-agent': [ '5.0.1' ],
597 silly audit   'proxy-from-env': [ '2.1.0' ],
597 silly audit   'cheerio-select': [ '2.1.0' ],
597 silly audit   'dom-serializer': [ '2.0.0' ],
597 silly audit   domhandler: [ '5.0.3' ],
597 silly audit   domutils: [ '3.2.2' ],
597 silly audit   'encoding-sniffer': [ '0.2.1' ],
597 silly audit   htmlparser2: [ '10.1.0' ],
597 silly audit   parse5: [ '7.3.0' ],
597 silly audit   'parse5-htmlparser2-tree-adapter': [ '7.1.0' ],
597 silly audit   'parse5-parser-stream': [ '7.1.2' ],
597 silly audit   undici: [ '7.28.0' ],
597 silly audit   'whatwg-mimetype': [ '4.0.0' ],
597 silly audit   boolbase: [ '1.0.0' ],
597 silly audit   'css-select': [ '5.2.2' ],
597 silly audit   'css-what': [ '6.2.2' ],
597 silly audit   domelementtype: [ '2.3.0' ],
597 silly audit   'object-assign': [ '4.1.1' ],
597 silly audit   vary: [ '1.1.2' ],
597 silly audit   'nth-check': [ '2.1.1' ],
597 silly audit   entities: [ '4.5.0', '7.0.1', '6.0.1' ],
597 silly audit   'iconv-lite': [ '0.6.3', '0.4.24' ],
597 silly audit   'whatwg-encoding': [ '3.1.1' ],
597 silly audit   accepts: [ '1.3.8' ],
597 silly audit   'array-flatten': [ '1.1.1' ],
597 silly audit   'body-parser': [ '1.20.5' ],
597 silly audit   'content-disposition': [ '0.5.4' ],
597 silly audit   'content-type': [ '1.0.5' ],
597 silly audit   cookie: [ '0.7.2' ],
597 silly audit   'cookie-signature': [ '1.0.7' ],
597 silly audit   debug: [ '2.6.9', '4.4.3' ],
597 silly audit   depd: [ '2.0.0' ],
597 silly audit   encodeurl: [ '2.0.0' ],
597 silly audit   'escape-html': [ '1.0.3' ],
597 silly audit   etag: [ '1.8.1' ],
597 silly audit   finalhandler: [ '1.3.2' ],
597 silly audit   fresh: [ '0.5.2' ],
597 silly audit   'http-errors': [ '2.0.1' ],
597 silly audit   'merge-descriptors': [ '1.0.3' ],
597 silly audit   methods: [ '1.1.2' ],
597 silly audit   'on-finished': [ '2.4.1' ],
597 silly audit   parseurl: [ '1.3.3' ],
597 silly audit   'path-to-regexp': [ '0.1.13' ],
597 silly audit   'proxy-addr': [ '2.0.7' ],
597 silly audit   qs: [ '6.15.3' ],
597 silly audit   'range-parser': [ '1.2.1' ],
597 silly audit   'safe-buffer': [ '5.2.1' ],
597 silly audit   send: [ '0.19.2' ],
597 silly audit   'serve-static': [ '1.16.3' ],
597 silly audit   setprototypeof: [ '1.2.0' ],
597 silly audit   statuses: [ '2.0.2' ],
597 silly audit   'type-is': [ '1.6.18' ],
597 silly audit   'utils-merge': [ '1.0.1' ],
597 silly audit   'mime-types': [ '2.1.35' ],
597 silly audit   negotiator: [ '0.6.3' ],
597 silly audit   bytes: [ '3.1.2' ],
597 silly audit   destroy: [ '1.2.0' ],
597 silly audit   'raw-body': [ '2.5.3' ],
597 silly audit   unpipe: [ '1.0.0' ],
597 silly audit   ms: [ '2.0.0', '2.1.3' ],
597 silly audit   asynckit: [ '0.4.0' ],
597 silly audit   'combined-stream': [ '1.0.8' ],
597 silly audit   'es-set-tostringtag': [ '2.1.0' ],
597 silly audit   hasown: [ '2.0.4' ],
597 silly audit   'delayed-stream': [ '1.0.0' ],
597 silly audit   'es-errors': [ '1.3.0' ],
597 silly audit   'get-intrinsic': [ '1.3.0' ],
597 silly audit   'has-tostringtag': [ '1.0.2' ],
597 silly audit   'call-bind-apply-helpers': [ '1.0.2' ],
597 silly audit   'es-define-property': [ '1.0.1' ],
597 silly audit   'es-object-atoms': [ '1.1.2' ],
597 silly audit   'function-bind': [ '1.1.2' ],
597 silly audit   'get-proto': [ '1.0.1' ],
597 silly audit   gopd: [ '1.2.0' ],
597 silly audit   'has-symbols': [ '1.1.0' ],
597 silly audit   'math-intrinsics': [ '1.1.0' ],
597 silly audit   'dunder-proto': [ '1.0.1' ],
597 silly audit   inherits: [ '2.0.4' ],
597 silly audit   toidentifier: [ '1.0.1' ],
597 silly audit   'agent-base': [ '6.0.2' ],
597 silly audit   'safer-buffer': [ '2.1.2' ],
597 silly audit   'mime-db': [ '1.52.0' ],
597 silly audit   'ee-first': [ '1.1.1' ],
597 silly audit   forwarded: [ '0.2.0' ],
597 silly audit   'ipaddr.js': [ '1.9.1' ],
597 silly audit   'side-channel': [ '1.1.1' ],
597 silly audit   mime: [ '1.6.0' ],
597 silly audit   'object-inspect': [ '1.13.4' ],
597 silly audit   'side-channel-list': [ '1.0.1' ],
597 silly audit   'side-channel-map': [ '1.0.1' ],
597 silly audit   'side-channel-weakmap': [ '1.0.2' ],
597 silly audit   'call-bound': [ '1.0.4' ],
597 silly audit   'media-typer': [ '0.3.0' ]
597 silly audit }
598 http cache media-typer@https://registry.npmjs.org/media-typer/-/media-typer-0.3.0.tgz 0ms (cache hit)
599 http cache side-channel-weakmap@https://registry.npmjs.org/side-channel-weakmap/-/side-channel-weakmap-1.0.2.tgz 0ms (cache hit)
600 http cache call-bound@https://registry.npmjs.org/call-bound/-/call-bound-1.0.4.tgz 0ms (cache hit)
601 http cache side-channel-map@https://registry.npmjs.org/side-channel-map/-/side-channel-map-1.0.1.tgz 0ms (cache hit)
602 http cache object-inspect@https://registry.npmjs.org/object-inspect/-/object-inspect-1.13.4.tgz 0ms (cache hit)
603 http cache side-channel-list@https://registry.npmjs.org/side-channel-list/-/side-channel-list-1.0.1.tgz 0ms (cache hit)
604 http cache mime@https://registry.npmjs.org/mime/-/mime-1.6.0.tgz 0ms (cache hit)
605 http cache side-channel@https://registry.npmjs.org/side-channel/-/side-channel-1.1.1.tgz 0ms (cache hit)
606 http cache ipaddr.js@https://registry.npmjs.org/ipaddr.js/-/ipaddr.js-1.9.1.tgz 0ms (cache hit)
607 http cache forwarded@https://registry.npmjs.org/forwarded/-/forwarded-0.2.0.tgz 0ms (cache hit)
608 http cache mime-db@https://registry.npmjs.org/mime-db/-/mime-db-1.52.0.tgz 0ms (cache hit)
609 http cache ee-first@https://registry.npmjs.org/ee-first/-/ee-first-1.1.1.tgz 1ms (cache hit)
610 http cache safer-buffer@https://registry.npmjs.org/safer-buffer/-/safer-buffer-2.1.2.tgz 0ms (cache hit)
611 http cache agent-base@https://registry.npmjs.org/agent-base/-/agent-base-6.0.2.tgz 0ms (cache hit)
612 http cache toidentifier@https://registry.npmjs.org/toidentifier/-/toidentifier-1.0.1.tgz 0ms (cache hit)
613 http cache inherits@https://registry.npmjs.org/inherits/-/inherits-2.0.4.tgz 0ms (cache hit)
614 http cache dunder-proto@https://registry.npmjs.org/dunder-proto/-/dunder-proto-1.0.1.tgz 0ms (cache hit)
615 http cache math-intrinsics@https://registry.npmjs.org/math-intrinsics/-/math-intrinsics-1.1.0.tgz 0ms (cache hit)
616 http cache gopd@https://registry.npmjs.org/gopd/-/gopd-1.2.0.tgz 0ms (cache hit)
617 http cache has-symbols@https://registry.npmjs.org/has-symbols/-/has-symbols-1.1.0.tgz 0ms (cache hit)
618 http cache get-proto@https://registry.npmjs.org/get-proto/-/get-proto-1.0.1.tgz 0ms (cache hit)
619 http cache es-object-atoms@https://registry.npmjs.org/es-object-atoms/-/es-object-atoms-1.1.2.tgz 0ms (cache hit)
620 http cache function-bind@https://registry.npmjs.org/function-bind/-/function-bind-1.1.2.tgz 0ms (cache hit)
621 http cache es-define-property@https://registry.npmjs.org/es-define-property/-/es-define-property-1.0.1.tgz 0ms (cache hit)
622 http cache has-tostringtag@https://registry.npmjs.org/has-tostringtag/-/has-tostringtag-1.0.2.tgz 0ms (cache hit)
623 http cache call-bind-apply-helpers@https://registry.npmjs.org/call-bind-apply-helpers/-/call-bind-apply-helpers-1.0.2.tgz 0ms (cache hit)
624 http cache get-intrinsic@https://registry.npmjs.org/get-intrinsic/-/get-intrinsic-1.3.0.tgz 0ms (cache hit)
625 http cache es-errors@https://registry.npmjs.org/es-errors/-/es-errors-1.3.0.tgz 0ms (cache hit)
626 http cache delayed-stream@https://registry.npmjs.org/delayed-stream/-/delayed-stream-1.0.0.tgz 0ms (cache hit)
627 http cache hasown@https://registry.npmjs.org/hasown/-/hasown-2.0.4.tgz 0ms (cache hit)
628 http cache es-set-tostringtag@https://registry.npmjs.org/es-set-tostringtag/-/es-set-tostringtag-2.1.0.tgz 0ms (cache hit)
629 http cache combined-stream@https://registry.npmjs.org/combined-stream/-/combined-stream-1.0.8.tgz 0ms (cache hit)
630 http cache asynckit@https://registry.npmjs.org/asynckit/-/asynckit-0.4.0.tgz 0ms (cache hit)
631 http cache ms@https://registry.npmjs.org/ms/-/ms-2.0.0.tgz 0ms (cache hit)
632 http cache unpipe@https://registry.npmjs.org/unpipe/-/unpipe-1.0.0.tgz 0ms (cache hit)
633 http cache raw-body@https://registry.npmjs.org/raw-body/-/raw-body-2.5.3.tgz 0ms (cache hit)
634 http cache destroy@https://registry.npmjs.org/destroy/-/destroy-1.2.0.tgz 0ms (cache hit)
635 http cache bytes@https://registry.npmjs.org/bytes/-/bytes-3.1.2.tgz 0ms (cache hit)
636 http cache negotiator@https://registry.npmjs.org/negotiator/-/negotiator-0.6.3.tgz 0ms (cache hit)
637 http cache mime-types@https://registry.npmjs.org/mime-types/-/mime-types-2.1.35.tgz 0ms (cache hit)
638 http cache utils-merge@https://registry.npmjs.org/utils-merge/-/utils-merge-1.0.1.tgz 0ms (cache hit)
639 http cache type-is@https://registry.npmjs.org/type-is/-/type-is-1.6.18.tgz 0ms (cache hit)
640 http cache statuses@https://registry.npmjs.org/statuses/-/statuses-2.0.2.tgz 0ms (cache hit)
641 http cache setprototypeof@https://registry.npmjs.org/setprototypeof/-/setprototypeof-1.2.0.tgz 0ms (cache hit)
642 http cache serve-static@https://registry.npmjs.org/serve-static/-/serve-static-1.16.3.tgz 0ms (cache hit)
643 http cache safe-buffer@https://registry.npmjs.org/safe-buffer/-/safe-buffer-5.2.1.tgz 0ms (cache hit)
644 http cache send@https://registry.npmjs.org/send/-/send-0.19.2.tgz 0ms (cache hit)
645 http cache range-parser@https://registry.npmjs.org/range-parser/-/range-parser-1.2.1.tgz 0ms (cache hit)
646 http cache qs@https://registry.npmjs.org/qs/-/qs-6.15.3.tgz 0ms (cache hit)
647 http cache proxy-addr@https://registry.npmjs.org/proxy-addr/-/proxy-addr-2.0.7.tgz 0ms (cache hit)
648 http cache path-to-regexp@https://registry.npmjs.org/path-to-regexp/-/path-to-regexp-0.1.13.tgz 0ms (cache hit)
649 http cache parseurl@https://registry.npmjs.org/parseurl/-/parseurl-1.3.3.tgz 0ms (cache hit)
650 http cache on-finished@https://registry.npmjs.org/on-finished/-/on-finished-2.4.1.tgz 1ms (cache hit)
651 http cache methods@https://registry.npmjs.org/methods/-/methods-1.1.2.tgz 0ms (cache hit)
652 http cache merge-descriptors@https://registry.npmjs.org/merge-descriptors/-/merge-descriptors-1.0.3.tgz 0ms (cache hit)
653 http cache http-errors@https://registry.npmjs.org/http-errors/-/http-errors-2.0.1.tgz 0ms (cache hit)
654 http cache fresh@https://registry.npmjs.org/fresh/-/fresh-0.5.2.tgz 0ms (cache hit)
655 http cache finalhandler@https://registry.npmjs.org/finalhandler/-/finalhandler-1.3.2.tgz 0ms (cache hit)
656 http cache etag@https://registry.npmjs.org/etag/-/etag-1.8.1.tgz 0ms (cache hit)
657 http cache escape-html@https://registry.npmjs.org/escape-html/-/escape-html-1.0.3.tgz 0ms (cache hit)
658 http cache encodeurl@https://registry.npmjs.org/encodeurl/-/encodeurl-2.0.0.tgz 0ms (cache hit)
659 http cache depd@https://registry.npmjs.org/depd/-/depd-2.0.0.tgz 0ms (cache hit)
660 http cache debug@https://registry.npmjs.org/debug/-/debug-2.6.9.tgz 0ms (cache hit)
661 http cache cookie-signature@https://registry.npmjs.org/cookie-signature/-/cookie-signature-1.0.7.tgz 0ms (cache hit)
662 http cache cookie@https://registry.npmjs.org/cookie/-/cookie-0.7.2.tgz 0ms (cache hit)
663 http cache content-type@https://registry.npmjs.org/content-type/-/content-type-1.0.5.tgz 0ms (cache hit)
664 http cache content-disposition@https://registry.npmjs.org/content-disposition/-/content-disposition-0.5.4.tgz 0ms (cache hit)
665 http cache body-parser@https://registry.npmjs.org/body-parser/-/body-parser-1.20.5.tgz 0ms (cache hit)
666 http cache array-flatten@https://registry.npmjs.org/array-flatten/-/array-flatten-1.1.1.tgz 0ms (cache hit)
667 http cache accepts@https://registry.npmjs.org/accepts/-/accepts-1.3.8.tgz 0ms (cache hit)
668 http cache whatwg-encoding@https://registry.npmjs.org/whatwg-encoding/-/whatwg-encoding-3.1.1.tgz 0ms (cache hit)
669 http cache iconv-lite@https://registry.npmjs.org/iconv-lite/-/iconv-lite-0.6.3.tgz 0ms (cache hit)
670 http cache vary@https://registry.npmjs.org/vary/-/vary-1.1.2.tgz 0ms (cache hit)
671 http cache entities@https://registry.npmjs.org/entities/-/entities-4.5.0.tgz 0ms (cache hit)
672 http cache nth-check@https://registry.npmjs.org/nth-check/-/nth-check-2.1.1.tgz 0ms (cache hit)
673 http cache object-assign@https://registry.npmjs.org/object-assign/-/object-assign-4.1.1.tgz 0ms (cache hit)
674 http cache domelementtype@https://registry.npmjs.org/domelementtype/-/domelementtype-2.3.0.tgz 0ms (cache hit)
675 http cache css-what@https://registry.npmjs.org/css-what/-/css-what-6.2.2.tgz 0ms (cache hit)
676 http cache css-select@https://registry.npmjs.org/css-select/-/css-select-5.2.2.tgz 0ms (cache hit)
677 http cache boolbase@https://registry.npmjs.org/boolbase/-/boolbase-1.0.0.tgz 0ms (cache hit)
678 http cache whatwg-mimetype@https://registry.npmjs.org/whatwg-mimetype/-/whatwg-mimetype-4.0.0.tgz 0ms (cache hit)
679 http cache undici@https://registry.npmjs.org/undici/-/undici-7.28.0.tgz 0ms (cache hit)
680 http cache parse5-parser-stream@https://registry.npmjs.org/parse5-parser-stream/-/parse5-parser-stream-7.1.2.tgz 0ms (cache hit)
681 http cache parse5-htmlparser2-tree-adapter@https://registry.npmjs.org/parse5-htmlparser2-tree-adapter/-/parse5-htmlparser2-tree-adapter-7.1.0.tgz 0ms (cache hit)
682 http cache htmlparser2@https://registry.npmjs.org/htmlparser2/-/htmlparser2-10.1.0.tgz 0ms (cache hit)
683 http cache parse5@https://registry.npmjs.org/parse5/-/parse5-7.3.0.tgz 0ms (cache hit)
684 http cache encoding-sniffer@https://registry.npmjs.org/encoding-sniffer/-/encoding-sniffer-0.2.1.tgz 0ms (cache hit)
685 http cache domutils@https://registry.npmjs.org/domutils/-/domutils-3.2.2.tgz 0ms (cache hit)
686 http cache dom-serializer@https://registry.npmjs.org/dom-serializer/-/dom-serializer-2.0.0.tgz 0ms (cache hit)
687 http cache domhandler@https://registry.npmjs.org/domhandler/-/domhandler-5.0.3.tgz 0ms (cache hit)
688 http cache proxy-from-env@https://registry.npmjs.org/proxy-from-env/-/proxy-from-env-2.1.0.tgz 0ms (cache hit)
689 http cache cheerio-select@https://registry.npmjs.org/cheerio-select/-/cheerio-select-2.1.0.tgz 0ms (cache hit)
690 http cache https-proxy-agent@https://registry.npmjs.org/https-proxy-agent/-/https-proxy-agent-5.0.1.tgz 0ms (cache hit)
691 http cache form-data@https://registry.npmjs.org/form-data/-/form-data-4.0.6.tgz 0ms (cache hit)
692 http cache express@https://registry.npmjs.org/express/-/express-4.22.2.tgz 0ms (cache hit)
693 http cache follow-redirects@https://registry.npmjs.org/follow-redirects/-/follow-redirects-1.16.0.tgz 0ms (cache hit)
694 http cache cors@https://registry.npmjs.org/cors/-/cors-2.8.6.tgz 0ms (cache hit)
695 http cache cheerio@https://registry.npmjs.org/cheerio/-/cheerio-1.2.0.tgz 0ms (cache hit)
696 http cache axios@https://registry.npmjs.org/axios/-/axios-1.18.1.tgz 0ms (cache hit)
697 http cache ms@https://registry.npmjs.org/ms/-/ms-2.1.3.tgz 0ms (cache hit)
698 http cache debug@https://registry.npmjs.org/debug/-/debug-4.4.3.tgz 0ms (cache hit)
699 http cache iconv-lite@https://registry.npmjs.org/iconv-lite/-/iconv-lite-0.4.24.tgz 1ms (cache hit)
700 http cache ms@https://registry.npmjs.org/ms/-/ms-2.1.3.tgz 0ms (cache hit)
701 http cache iconv-lite@https://registry.npmjs.org/iconv-lite/-/iconv-lite-0.4.24.tgz 0ms (cache hit)
702 http cache entities@https://registry.npmjs.org/entities/-/entities-6.0.1.tgz 0ms (cache hit)
703 http cache entities@https://registry.npmjs.org/entities/-/entities-7.0.1.tgz 0ms (cache hit)
704 http cache ms@https://registry.npmjs.org/ms/-/ms-2.1.3.tgz 0ms (cache hit)
705 http cache debug@https://registry.npmjs.org/debug/-/debug-4.4.3.tgz 0ms (cache hit)
706 silly tarball no local data for media-typer@https://registry.npmjs.org/media-typer/-/media-typer-0.3.0.tgz. Extracting by manifest.
707 silly tarball no local data for side-channel-weakmap@https://registry.npmjs.org/side-channel-weakmap/-/side-channel-weakmap-1.0.2.tgz. Extracting by manifest.
708 silly tarball no local data for call-bound@https://registry.npmjs.org/call-bound/-/call-bound-1.0.4.tgz. Extracting by manifest.
709 silly tarball no local data for side-channel-map@https://registry.npmjs.org/side-channel-map/-/side-channel-map-1.0.1.tgz. Extracting by manifest.
710 silly tarball no local data for object-inspect@https://registry.npmjs.org/object-inspect/-/object-inspect-1.13.4.tgz. Extracting by manifest.
711 silly tarball no local data for side-channel-list@https://registry.npmjs.org/side-channel-list/-/side-channel-list-1.0.1.tgz. Extracting by manifest.
712 silly tarball no local data for mime@https://registry.npmjs.org/mime/-/mime-1.6.0.tgz. Extracting by manifest.
713 silly tarball no local data for side-channel@https://registry.npmjs.org/side-channel/-/side-channel-1.1.1.tgz. Extracting by manifest.
714 silly tarball no local data for ipaddr.js@https://registry.npmjs.org/ipaddr.js/-/ipaddr.js-1.9.1.tgz. Extracting by manifest.
715 silly tarball no local data for forwarded@https://registry.npmjs.org/forwarded/-/forwarded-0.2.0.tgz. Extracting by manifest.
716 silly tarball no local data for mime-db@https://registry.npmjs.org/mime-db/-/mime-db-1.52.0.tgz. Extracting by manifest.
717 silly tarball no local data for ee-first@https://registry.npmjs.org/ee-first/-/ee-first-1.1.1.tgz. Extracting by manifest.
718 silly tarball no local data for safer-buffer@https://registry.npmjs.org/safer-buffer/-/safer-buffer-2.1.2.tgz. Extracting by manifest.
719 silly tarball no local data for agent-base@https://registry.npmjs.org/agent-base/-/agent-base-6.0.2.tgz. Extracting by manifest.
720 silly tarball no local data for toidentifier@https://registry.npmjs.org/toidentifier/-/toidentifier-1.0.1.tgz. Extracting by manifest.
721 silly tarball no local data for inherits@https://registry.npmjs.org/inherits/-/inherits-2.0.4.tgz. Extracting by manifest.
722 silly tarball no local data for dunder-proto@https://registry.npmjs.org/dunder-proto/-/dunder-proto-1.0.1.tgz. Extracting by manifest.
723 silly tarball no local data for math-intrinsics@https://registry.npmjs.org/math-intrinsics/-/math-intrinsics-1.1.0.tgz. Extracting by manifest.
724 silly tarball no local data for gopd@https://registry.npmjs.org/gopd/-/gopd-1.2.0.tgz. Extracting by manifest.
725 silly tarball no local data for has-symbols@https://registry.npmjs.org/has-symbols/-/has-symbols-1.1.0.tgz. Extracting by manifest.
726 silly tarball no local data for get-proto@https://registry.npmjs.org/get-proto/-/get-proto-1.0.1.tgz. Extracting by manifest.
727 silly tarball no local data for es-object-atoms@https://registry.npmjs.org/es-object-atoms/-/es-object-atoms-1.1.2.tgz. Extracting by manifest.
728 silly tarball no local data for function-bind@https://registry.npmjs.org/function-bind/-/function-bind-1.1.2.tgz. Extracting by manifest.
729 silly tarball no local data for es-define-property@https://registry.npmjs.org/es-define-property/-/es-define-property-1.0.1.tgz. Extracting by manifest.
730 silly tarball no local data for has-tostringtag@https://registry.npmjs.org/has-tostringtag/-/has-tostringtag-1.0.2.tgz. Extracting by manifest.
731 silly tarball no local data for call-bind-apply-helpers@https://registry.npmjs.org/call-bind-apply-helpers/-/call-bind-apply-helpers-1.0.2.tgz. Extracting by manifest.
732 silly tarball no local data for get-intrinsic@https://registry.npmjs.org/get-intrinsic/-/get-intrinsic-1.3.0.tgz. Extracting by manifest.
733 silly tarball no local data for es-errors@https://registry.npmjs.org/es-errors/-/es-errors-1.3.0.tgz. Extracting by manifest.
734 silly tarball no local data for delayed-stream@https://registry.npmjs.org/delayed-stream/-/delayed-stream-1.0.0.tgz. Extracting by manifest.
735 silly tarball no local data for hasown@https://registry.npmjs.org/hasown/-/hasown-2.0.4.tgz. Extracting by manifest.
736 silly tarball no local data for es-set-tostringtag@https://registry.npmjs.org/es-set-tostringtag/-/es-set-tostringtag-2.1.0.tgz. Extracting by manifest.
737 silly tarball no local data for combined-stream@https://registry.npmjs.org/combined-stream/-/combined-stream-1.0.8.tgz. Extracting by manifest.
738 silly tarball no local data for asynckit@https://registry.npmjs.org/asynckit/-/asynckit-0.4.0.tgz. Extracting by manifest.
739 silly tarball no local data for ms@https://registry.npmjs.org/ms/-/ms-2.0.0.tgz. Extracting by manifest.
740 silly tarball no local data for unpipe@https://registry.npmjs.org/unpipe/-/unpipe-1.0.0.tgz. Extracting by manifest.
741 silly tarball no local data for raw-body@https://registry.npmjs.org/raw-body/-/raw-body-2.5.3.tgz. Extracting by manifest.
742 silly tarball no local data for destroy@https://registry.npmjs.org/destroy/-/destroy-1.2.0.tgz. Extracting by manifest.
743 silly tarball no local data for bytes@https://registry.npmjs.org/bytes/-/bytes-3.1.2.tgz. Extracting by manifest.
744 silly tarball no local data for negotiator@https://registry.npmjs.org/negotiator/-/negotiator-0.6.3.tgz. Extracting by manifest.
745 silly tarball no local data for mime-types@https://registry.npmjs.org/mime-types/-/mime-types-2.1.35.tgz. Extracting by manifest.
746 silly tarball no local data for utils-merge@https://registry.npmjs.org/utils-merge/-/utils-merge-1.0.1.tgz. Extracting by manifest.
747 silly tarball no local data for type-is@https://registry.npmjs.org/type-is/-/type-is-1.6.18.tgz. Extracting by manifest.
748 silly tarball no local data for statuses@https://registry.npmjs.org/statuses/-/statuses-2.0.2.tgz. Extracting by manifest.
749 silly tarball no local data for setprototypeof@https://registry.npmjs.org/setprototypeof/-/setprototypeof-1.2.0.tgz. Extracting by manifest.
750 silly tarball no local data for serve-static@https://registry.npmjs.org/serve-static/-/serve-static-1.16.3.tgz. Extracting by manifest.
751 silly tarball no local data for safe-buffer@https://registry.npmjs.org/safe-buffer/-/safe-buffer-5.2.1.tgz. Extracting by manifest.
752 silly tarball no local data for send@https://registry.npmjs.org/send/-/send-0.19.2.tgz. Extracting by manifest.
753 silly tarball no local data for range-parser@https://registry.npmjs.org/range-parser/-/range-parser-1.2.1.tgz. Extracting by manifest.
754 silly tarball no local data for qs@https://registry.npmjs.org/qs/-/qs-6.15.3.tgz. Extracting by manifest.
755 silly tarball no local data for proxy-addr@https://registry.npmjs.org/proxy-addr/-/proxy-addr-2.0.7.tgz. Extracting by manifest.
756 silly tarball no local data for path-to-regexp@https://registry.npmjs.org/path-to-regexp/-/path-to-regexp-0.1.13.tgz. Extracting by manifest.
757 silly tarball no local data for parseurl@https://registry.npmjs.org/parseurl/-/parseurl-1.3.3.tgz. Extracting by manifest.
758 silly tarball no local data for on-finished@https://registry.npmjs.org/on-finished/-/on-finished-2.4.1.tgz. Extracting by manifest.
759 silly tarball no local data for methods@https://registry.npmjs.org/methods/-/methods-1.1.2.tgz. Extracting by manifest.
760 silly tarball no local data for merge-descriptors@https://registry.npmjs.org/merge-descriptors/-/merge-descriptors-1.0.3.tgz. Extracting by manifest.
761 silly tarball no local data for http-errors@https://registry.npmjs.org/http-errors/-/http-errors-2.0.1.tgz. Extracting by manifest.
762 silly tarball no local data for fresh@https://registry.npmjs.org/fresh/-/fresh-0.5.2.tgz. Extracting by manifest.
763 silly tarball no local data for finalhandler@https://registry.npmjs.org/finalhandler/-/finalhandler-1.3.2.tgz. Extracting by manifest.
764 silly tarball no local data for etag@https://registry.npmjs.org/etag/-/etag-1.8.1.tgz. Extracting by manifest.
765 silly tarball no local data for escape-html@https://registry.npmjs.org/escape-html/-/escape-html-1.0.3.tgz. Extracting by manifest.
766 silly tarball no local data for encodeurl@https://registry.npmjs.org/encodeurl/-/encodeurl-2.0.0.tgz. Extracting by manifest.
767 silly tarball no local data for depd@https://registry.npmjs.org/depd/-/depd-2.0.0.tgz. Extracting by manifest.
768 silly tarball no local data for debug@https://registry.npmjs.org/debug/-/debug-2.6.9.tgz. Extracting by manifest.
769 silly tarball no local data for cookie-signature@https://registry.npmjs.org/cookie-signature/-/cookie-signature-1.0.7.tgz. Extracting by manifest.
770 silly tarball no local data for cookie@https://registry.npmjs.org/cookie/-/cookie-0.7.2.tgz. Extracting by manifest.
771 silly tarball no local data for content-type@https://registry.npmjs.org/content-type/-/content-type-1.0.5.tgz. Extracting by manifest.
772 silly tarball no local data for content-disposition@https://registry.npmjs.org/content-disposition/-/content-disposition-0.5.4.tgz. Extracting by manifest.
773 silly tarball no local data for body-parser@https://registry.npmjs.org/body-parser/-/body-parser-1.20.5.tgz. Extracting by manifest.
774 silly tarball no local data for array-flatten@https://registry.npmjs.org/array-flatten/-/array-flatten-1.1.1.tgz. Extracting by manifest.
775 silly tarball no local data for accepts@https://registry.npmjs.org/accepts/-/accepts-1.3.8.tgz. Extracting by manifest.
776 silly tarball no local data for whatwg-encoding@https://registry.npmjs.org/whatwg-encoding/-/whatwg-encoding-3.1.1.tgz. Extracting by manifest.
777 silly tarball no local data for iconv-lite@https://registry.npmjs.org/iconv-lite/-/iconv-lite-0.6.3.tgz. Extracting by manifest.
778 silly tarball no local data for vary@https://registry.npmjs.org/vary/-/vary-1.1.2.tgz. Extracting by manifest.
779 silly tarball no local data for entities@https://registry.npmjs.org/entities/-/entities-4.5.0.tgz. Extracting by manifest.
780 silly tarball no local data for nth-check@https://registry.npmjs.org/nth-check/-/nth-check-2.1.1.tgz. Extracting by manifest.
781 silly tarball no local data for object-assign@https://registry.npmjs.org/object-assign/-/object-assign-4.1.1.tgz. Extracting by manifest.
782 silly tarball no local data for domelementtype@https://registry.npmjs.org/domelementtype/-/domelementtype-2.3.0.tgz. Extracting by manifest.
783 silly tarball no local data for css-what@https://registry.npmjs.org/css-what/-/css-what-6.2.2.tgz. Extracting by manifest.
784 silly tarball no local data for css-select@https://registry.npmjs.org/css-select/-/css-select-5.2.2.tgz. Extracting by manifest.
785 silly tarball no local data for boolbase@https://registry.npmjs.org/boolbase/-/boolbase-1.0.0.tgz. Extracting by manifest.
786 silly tarball no local data for whatwg-mimetype@https://registry.npmjs.org/whatwg-mimetype/-/whatwg-mimetype-4.0.0.tgz. Extracting by manifest.
787 silly tarball no local data for undici@https://registry.npmjs.org/undici/-/undici-7.28.0.tgz. Extracting by manifest.
788 silly tarball no local data for parse5-parser-stream@https://registry.npmjs.org/parse5-parser-stream/-/parse5-parser-stream-7.1.2.tgz. Extracting by manifest.
789 silly tarball no local data for parse5-htmlparser2-tree-adapter@https://registry.npmjs.org/parse5-htmlparser2-tree-adapter/-/parse5-htmlparser2-tree-adapter-7.1.0.tgz. Extracting by manifest.
790 silly tarball no local data for htmlparser2@https://registry.npmjs.org/htmlparser2/-/htmlparser2-10.1.0.tgz. Extracting by manifest.
791 silly tarball no local data for parse5@https://registry.npmjs.org/parse5/-/parse5-7.3.0.tgz. Extracting by manifest.
792 silly tarball no local data for encoding-sniffer@https://registry.npmjs.org/encoding-sniffer/-/encoding-sniffer-0.2.1.tgz. Extracting by manifest.
793 silly tarball no local data for domutils@https://registry.npmjs.org/domutils/-/domutils-3.2.2.tgz. Extracting by manifest.
794 silly tarball no local data for dom-serializer@https://registry.npmjs.org/dom-serializer/-/dom-serializer-2.0.0.tgz. Extracting by manifest.
795 silly tarball no local data for domhandler@https://registry.npmjs.org/domhandler/-/domhandler-5.0.3.tgz. Extracting by manifest.
796 silly tarball no local data for proxy-from-env@https://registry.npmjs.org/proxy-from-env/-/proxy-from-env-2.1.0.tgz. Extracting by manifest.
797 silly tarball no local data for cheerio-select@https://registry.npmjs.org/cheerio-select/-/cheerio-select-2.1.0.tgz. Extracting by manifest.
798 silly tarball no local data for https-proxy-agent@https://registry.npmjs.org/https-proxy-agent/-/https-proxy-agent-5.0.1.tgz. Extracting by manifest.
799 silly tarball no local data for form-data@https://registry.npmjs.org/form-data/-/form-data-4.0.6.tgz. Extracting by manifest.
800 silly tarball no local data for express@https://registry.npmjs.org/express/-/express-4.22.2.tgz. Extracting by manifest.
801 silly tarball no local data for follow-redirects@https://registry.npmjs.org/follow-redirects/-/follow-redirects-1.16.0.tgz. Extracting by manifest.
802 silly tarball no local data for cors@https://registry.npmjs.org/cors/-/cors-2.8.6.tgz. Extracting by manifest.
803 silly tarball no local data for cheerio@https://registry.npmjs.org/cheerio/-/cheerio-1.2.0.tgz. Extracting by manifest.
804 silly tarball no local data for axios@https://registry.npmjs.org/axios/-/axios-1.18.1.tgz. Extracting by manifest.
805 silly tarball no local data for ms@https://registry.npmjs.org/ms/-/ms-2.1.3.tgz. Extracting by manifest.
806 silly tarball no local data for debug@https://registry.npmjs.org/debug/-/debug-4.4.3.tgz. Extracting by manifest.
807 silly tarball no local data for iconv-lite@https://registry.npmjs.org/iconv-lite/-/iconv-lite-0.4.24.tgz. Extracting by manifest.
808 silly tarball no local data for ms@https://registry.npmjs.org/ms/-/ms-2.1.3.tgz. Extracting by manifest.
809 silly tarball no local data for iconv-lite@https://registry.npmjs.org/iconv-lite/-/iconv-lite-0.4.24.tgz. Extracting by manifest.
810 silly tarball no local data for entities@https://registry.npmjs.org/entities/-/entities-6.0.1.tgz. Extracting by manifest.
811 silly tarball no local data for entities@https://registry.npmjs.org/entities/-/entities-7.0.1.tgz. Extracting by manifest.
812 silly tarball no local data for ms@https://registry.npmjs.org/ms/-/ms-2.1.3.tgz. Extracting by manifest.
813 silly tarball no local data for debug@https://registry.npmjs.org/debug/-/debug-4.4.3.tgz. Extracting by manifest.
814 http fetch POST 200 https://registry.npmjs.org/-/npm/v1/security/advisories/bulk 984ms
815 silly audit report {}
816 http fetch GET 200 https://registry.npmjs.org/media-typer/-/media-typer-0.3.0.tgz 3283ms (cache miss)
817 http fetch GET 200 https://registry.npmjs.org/has-symbols/-/has-symbols-1.1.0.tgz 3241ms (cache miss)
818 http fetch GET 200 https://registry.npmjs.org/toidentifier/-/toidentifier-1.0.1.tgz 3318ms (cache miss)
819 http fetch GET 200 https://registry.npmjs.org/dunder-proto/-/dunder-proto-1.0.1.tgz 3315ms (cache miss)
820 http fetch GET 200 https://registry.npmjs.org/side-channel-weakmap/-/side-channel-weakmap-1.0.2.tgz 3413ms (cache miss)
821 http fetch GET 200 https://registry.npmjs.org/inherits/-/inherits-2.0.4.tgz 3383ms (cache miss)
822 http fetch GET 200 https://registry.npmjs.org/gopd/-/gopd-1.2.0.tgz 3382ms (cache miss)
823 http fetch GET 200 https://registry.npmjs.org/math-intrinsics/-/math-intrinsics-1.1.0.tgz 3456ms (cache miss)
824 http fetch GET 200 https://registry.npmjs.org/get-proto/-/get-proto-1.0.1.tgz 3445ms (cache miss)
825 http fetch GET 200 https://registry.npmjs.org/es-object-atoms/-/es-object-atoms-1.1.2.tgz 3444ms (cache miss)
826 http fetch GET 200 https://registry.npmjs.org/es-errors/-/es-errors-1.3.0.tgz 3594ms (cache miss)
827 http fetch GET 200 https://registry.npmjs.org/asynckit/-/asynckit-0.4.0.tgz 3726ms (cache miss)
828 http fetch GET 200 https://registry.npmjs.org/forwarded/-/forwarded-0.2.0.tgz 3856ms (cache miss)
829 http fetch GET 200 https://registry.npmjs.org/function-bind/-/function-bind-1.1.2.tgz 3827ms (cache miss)
830 http fetch GET 200 https://registry.npmjs.org/ee-first/-/ee-first-1.1.1.tgz 3869ms (cache miss)
831 http fetch GET 200 https://registry.npmjs.org/es-define-property/-/es-define-property-1.0.1.tgz 3835ms (cache miss)
832 http fetch GET 200 https://registry.npmjs.org/unpipe/-/unpipe-1.0.0.tgz 3820ms (cache miss)
833 http fetch GET 200 https://registry.npmjs.org/range-parser/-/range-parser-1.2.1.tgz 3762ms (cache miss)
834 http fetch GET 200 https://registry.npmjs.org/cookie-signature/-/cookie-signature-1.0.7.tgz 3798ms (cache miss)
835 http fetch GET 200 https://registry.npmjs.org/destroy/-/destroy-1.2.0.tgz 4148ms (cache miss)
836 http fetch GET 200 https://registry.npmjs.org/ms/-/ms-2.0.0.tgz 4167ms (cache miss)
837 http fetch GET 200 https://registry.npmjs.org/on-finished/-/on-finished-2.4.1.tgz 4107ms (cache miss)
838 http fetch GET 200 https://registry.npmjs.org/encodeurl/-/encodeurl-2.0.0.tgz 4108ms (cache miss)
839 http fetch GET 200 https://registry.npmjs.org/utils-merge/-/utils-merge-1.0.1.tgz 4339ms (cache miss)
840 http fetch GET 200 https://registry.npmjs.org/statuses/-/statuses-2.0.2.tgz 4336ms (cache miss)
841 http fetch GET 200 https://registry.npmjs.org/escape-html/-/escape-html-1.0.3.tgz 4282ms (cache miss)
842 http fetch GET 200 https://registry.npmjs.org/bytes/-/bytes-3.1.2.tgz 4467ms (cache miss)
843 http fetch GET 200 https://registry.npmjs.org/merge-descriptors/-/merge-descriptors-1.0.3.tgz 4393ms (cache miss)
844 http fetch GET 200 https://registry.npmjs.org/path-to-regexp/-/path-to-regexp-0.1.13.tgz 4404ms (cache miss)
845 http fetch GET 200 https://registry.npmjs.org/finalhandler/-/finalhandler-1.3.2.tgz 4386ms (cache miss)
846 http fetch GET 200 https://registry.npmjs.org/methods/-/methods-1.1.2.tgz 4397ms (cache miss)
847 http fetch GET 200 https://registry.npmjs.org/depd/-/depd-2.0.0.tgz 4391ms (cache miss)
848 http fetch GET 200 https://registry.npmjs.org/domelementtype/-/domelementtype-2.3.0.tgz 4376ms (cache miss)
849 http fetch GET 200 https://registry.npmjs.org/proxy-from-env/-/proxy-from-env-2.1.0.tgz 4351ms (cache miss)
850 http fetch GET 200 https://registry.npmjs.org/combined-stream/-/combined-stream-1.0.8.tgz 4648ms (cache miss)
851 http fetch GET 200 https://registry.npmjs.org/parseurl/-/parseurl-1.3.3.tgz 4561ms (cache miss)
852 http fetch GET 200 https://registry.npmjs.org/fresh/-/fresh-0.5.2.tgz 4550ms (cache miss)
853 http fetch GET 200 https://registry.npmjs.org/etag/-/etag-1.8.1.tgz 4546ms (cache miss)
854 http fetch GET 200 https://registry.npmjs.org/array-flatten/-/array-flatten-1.1.1.tgz 4542ms (cache miss)
855 http fetch GET 200 https://registry.npmjs.org/vary/-/vary-1.1.2.tgz 4681ms (cache miss)
856 http fetch GET 200 https://registry.npmjs.org/boolbase/-/boolbase-1.0.0.tgz 4648ms (cache miss)
857 http fetch GET 200 https://registry.npmjs.org/delayed-stream/-/delayed-stream-1.0.0.tgz 4951ms (cache miss)
858 http fetch GET 200 https://registry.npmjs.org/setprototypeof/-/setprototypeof-1.2.0.tgz 4913ms (cache miss)
859 http fetch GET 200 https://registry.npmjs.org/parse5-htmlparser2-tree-adapter/-/parse5-htmlparser2-tree-adapter-7.1.0.tgz 4761ms (cache miss)
860 http fetch GET 200 https://registry.npmjs.org/object-assign/-/object-assign-4.1.1.tgz 4861ms (cache miss)
861 http fetch GET 200 https://registry.npmjs.org/content-type/-/content-type-1.0.5.tgz 4899ms (cache miss)
862 http fetch GET 200 https://registry.npmjs.org/follow-redirects/-/follow-redirects-1.16.0.tgz 4802ms (cache miss)
863 http fetch GET 200 https://registry.npmjs.org/type-is/-/type-is-1.6.18.tgz 5071ms (cache miss)
864 http fetch GET 200 https://registry.npmjs.org/ms/-/ms-2.1.3.tgz 4968ms (cache miss)
865 http fetch GET 200 https://registry.npmjs.org/debug/-/debug-4.4.3.tgz 5057ms (cache miss)
866 http fetch GET 200 https://registry.npmjs.org/ms/-/ms-2.1.3.tgz 5123ms (cache miss)
867 http fetch GET 200 https://registry.npmjs.org/ms/-/ms-2.1.3.tgz 5129ms (cache miss)
868 http fetch GET 200 https://registry.npmjs.org/raw-body/-/raw-body-2.5.3.tgz 5406ms (cache miss)
869 http fetch GET 200 https://registry.npmjs.org/mime-types/-/mime-types-2.1.35.tgz 5516ms (cache miss)
870 http fetch GET 200 https://registry.npmjs.org/content-disposition/-/content-disposition-0.5.4.tgz 5459ms (cache miss)
871 http fetch GET 200 https://registry.npmjs.org/whatwg-encoding/-/whatwg-encoding-3.1.1.tgz 5454ms (cache miss)
872 http fetch GET 200 https://registry.npmjs.org/proxy-addr/-/proxy-addr-2.0.7.tgz 5561ms (cache miss)
873 http fetch GET 200 https://registry.npmjs.org/serve-static/-/serve-static-1.16.3.tgz 5664ms (cache miss)
874 http fetch GET 200 https://registry.npmjs.org/accepts/-/accepts-1.3.8.tgz 5675ms (cache miss)
875 warn deprecated whatwg-encoding@3.1.1: Use @exodus/bytes instead for a more spec-conformant and faster implementation
876 http fetch GET 200 https://registry.npmjs.org/cookie/-/cookie-0.7.2.tgz 5695ms (cache miss)
877 http fetch GET 200 https://registry.npmjs.org/ipaddr.js/-/ipaddr.js-1.9.1.tgz 5896ms (cache miss)
878 http fetch GET 200 https://registry.npmjs.org/safe-buffer/-/safe-buffer-5.2.1.tgz 5764ms (cache miss)
879 http fetch GET 200 https://registry.npmjs.org/http-errors/-/http-errors-2.0.1.tgz 5720ms (cache miss)
880 http fetch GET 200 https://registry.npmjs.org/send/-/send-0.19.2.tgz 5780ms (cache miss)
881 http fetch GET 200 https://registry.npmjs.org/cors/-/cors-2.8.6.tgz 5616ms (cache miss)
882 http fetch GET 200 https://registry.npmjs.org/hasown/-/hasown-2.0.4.tgz 5927ms (cache miss)
883 http fetch GET 200 https://registry.npmjs.org/es-set-tostringtag/-/es-set-tostringtag-2.1.0.tgz 5956ms (cache miss)
884 http fetch GET 200 https://registry.npmjs.org/debug/-/debug-4.4.3.tgz 5691ms (cache miss)
885 http fetch GET 200 https://registry.npmjs.org/negotiator/-/negotiator-0.6.3.tgz 5957ms (cache miss)
886 http fetch GET 200 https://registry.npmjs.org/safer-buffer/-/safer-buffer-2.1.2.tgz 6105ms (cache miss)
887 http fetch GET 200 https://registry.npmjs.org/form-data/-/form-data-4.0.6.tgz 5818ms (cache miss)
888 http fetch GET 200 https://registry.npmjs.org/side-channel-map/-/side-channel-map-1.0.1.tgz 6150ms (cache miss)
889 http fetch GET 200 https://registry.npmjs.org/call-bound/-/call-bound-1.0.4.tgz 6168ms (cache miss)
890 http fetch GET 200 https://registry.npmjs.org/side-channel/-/side-channel-1.1.1.tgz 6179ms (cache miss)
891 http fetch GET 200 https://registry.npmjs.org/mime-db/-/mime-db-1.52.0.tgz 6174ms (cache miss)
892 http fetch GET 200 https://registry.npmjs.org/parse5-parser-stream/-/parse5-parser-stream-7.1.2.tgz 5899ms (cache miss)
893 http fetch GET 200 https://registry.npmjs.org/get-intrinsic/-/get-intrinsic-1.3.0.tgz 6136ms (cache miss)
894 http fetch GET 200 https://registry.npmjs.org/side-channel-list/-/side-channel-list-1.0.1.tgz 6210ms (cache miss)
895 http fetch GET 200 https://registry.npmjs.org/whatwg-mimetype/-/whatwg-mimetype-4.0.0.tgz 5948ms (cache miss)
896 http fetch GET 200 https://registry.npmjs.org/mime/-/mime-1.6.0.tgz 6339ms (cache miss)
897 http fetch GET 200 https://registry.npmjs.org/https-proxy-agent/-/https-proxy-agent-5.0.1.tgz 6109ms (cache miss)
898 http fetch GET 200 https://registry.npmjs.org/agent-base/-/agent-base-6.0.2.tgz 6444ms (cache miss)
899 http fetch GET 200 https://registry.npmjs.org/has-tostringtag/-/has-tostringtag-1.0.2.tgz 6482ms (cache miss)
900 http fetch GET 200 https://registry.npmjs.org/body-parser/-/body-parser-1.20.5.tgz 6385ms (cache miss)
901 http fetch GET 200 https://registry.npmjs.org/call-bind-apply-helpers/-/call-bind-apply-helpers-1.0.2.tgz 6560ms (cache miss)
902 http fetch GET 200 https://registry.npmjs.org/debug/-/debug-2.6.9.tgz 6436ms (cache miss)
903 http fetch GET 200 https://registry.npmjs.org/dom-serializer/-/dom-serializer-2.0.0.tgz 6499ms (cache miss)
904 http fetch GET 200 https://registry.npmjs.org/domhandler/-/domhandler-5.0.3.tgz 6540ms (cache miss)
905 http fetch GET 200 https://registry.npmjs.org/express/-/express-4.22.2.tgz 6725ms (cache miss)
906 http fetch GET 200 https://registry.npmjs.org/qs/-/qs-6.15.3.tgz 6911ms (cache miss)
907 http fetch GET 200 https://registry.npmjs.org/encoding-sniffer/-/encoding-sniffer-0.2.1.tgz 7097ms (cache miss)
908 http fetch GET 200 https://registry.npmjs.org/nth-check/-/nth-check-2.1.1.tgz 7369ms (cache miss)
909 http fetch GET 200 https://registry.npmjs.org/cheerio-select/-/cheerio-select-2.1.0.tgz 7314ms (cache miss)
910 http fetch GET 200 https://registry.npmjs.org/iconv-lite/-/iconv-lite-0.4.24.tgz 7316ms (cache miss)
911 http fetch GET 200 https://registry.npmjs.org/object-inspect/-/object-inspect-1.13.4.tgz 7690ms (cache miss)
912 http fetch GET 200 https://registry.npmjs.org/css-what/-/css-what-6.2.2.tgz 7488ms (cache miss)
913 http fetch GET 200 https://registry.npmjs.org/iconv-lite/-/iconv-lite-0.4.24.tgz 7411ms (cache miss)
914 http fetch GET 200 https://registry.npmjs.org/iconv-lite/-/iconv-lite-0.6.3.tgz 7631ms (cache miss)
915 http fetch GET 200 https://registry.npmjs.org/htmlparser2/-/htmlparser2-10.1.0.tgz 7942ms (cache miss)
916 http fetch GET 200 https://registry.npmjs.org/domutils/-/domutils-3.2.2.tgz 8533ms (cache miss)
917 http fetch GET 200 https://registry.npmjs.org/entities/-/entities-4.5.0.tgz 8758ms (cache miss)
918 http fetch GET 200 https://registry.npmjs.org/parse5/-/parse5-7.3.0.tgz 8807ms (cache miss)
919 http fetch GET 200 https://registry.npmjs.org/entities/-/entities-6.0.1.tgz 8946ms (cache miss)
920 http fetch GET 200 https://registry.npmjs.org/axios/-/axios-1.18.1.tgz 9091ms (cache miss)
921 http fetch GET 200 https://registry.npmjs.org/css-select/-/css-select-5.2.2.tgz 9364ms (cache miss)
922 http fetch GET 200 https://registry.npmjs.org/entities/-/entities-7.0.1.tgz 9288ms (cache miss)
923 http fetch GET 200 https://registry.npmjs.org/undici/-/undici-7.28.0.tgz 9932ms (cache miss)
924 http fetch GET 200 https://registry.npmjs.org/cheerio/-/cheerio-1.2.0.tgz 9972ms (cache miss)
925 silly ADD node_modules/media-typer
926 silly ADD node_modules/call-bound
927 silly ADD node_modules/side-channel-weakmap
928 silly ADD node_modules/side-channel-map
929 silly ADD node_modules/side-channel-list
930 silly ADD node_modules/object-inspect
931 silly ADD node_modules/mime
932 silly ADD node_modules/side-channel
933 silly ADD node_modules/ipaddr.js
934 silly ADD node_modules/forwarded
935 silly ADD node_modules/ee-first
936 silly ADD node_modules/mime-db
937 silly ADD node_modules/safer-buffer
938 silly ADD node_modules/agent-base
939 silly ADD node_modules/agent-base/node_modules/ms
940 silly ADD node_modules/agent-base/node_modules/debug
941 silly ADD node_modules/toidentifier
942 silly ADD node_modules/inherits
943 silly ADD node_modules/dunder-proto
944 silly ADD node_modules/math-intrinsics
945 silly ADD node_modules/has-symbols
946 silly ADD node_modules/gopd
947 silly ADD node_modules/get-proto
948 silly ADD node_modules/function-bind
949 silly ADD node_modules/es-object-atoms
950 silly ADD node_modules/es-define-property
951 silly ADD node_modules/call-bind-apply-helpers
952 silly ADD node_modules/has-tostringtag
953 silly ADD node_modules/get-intrinsic
954 silly ADD node_modules/es-errors
955 silly ADD node_modules/delayed-stream
956 silly ADD node_modules/hasown
957 silly ADD node_modules/es-set-tostringtag
958 silly ADD node_modules/combined-stream
959 silly ADD node_modules/asynckit
960 silly ADD node_modules/ms
961 silly ADD node_modules/unpipe
962 silly ADD node_modules/raw-body
963 silly ADD node_modules/raw-body/node_modules/iconv-lite
964 silly ADD node_modules/destroy
965 silly ADD node_modules/bytes
966 silly ADD node_modules/negotiator
967 silly ADD node_modules/mime-types
968 silly ADD node_modules/utils-merge
969 silly ADD node_modules/type-is
970 silly ADD node_modules/statuses
971 silly ADD node_modules/setprototypeof
972 silly ADD node_modules/serve-static
973 silly ADD node_modules/send
974 silly ADD node_modules/send/node_modules/ms
975 silly ADD node_modules/safe-buffer
976 silly ADD node_modules/range-parser
977 silly ADD node_modules/qs
978 silly ADD node_modules/proxy-addr
979 silly ADD node_modules/path-to-regexp
980 silly ADD node_modules/parseurl
981 silly ADD node_modules/on-finished
982 silly ADD node_modules/methods
983 silly ADD node_modules/merge-descriptors
984 silly ADD node_modules/http-errors
985 silly ADD node_modules/fresh
986 silly ADD node_modules/finalhandler
987 silly ADD node_modules/etag
988 silly ADD node_modules/escape-html
989 silly ADD node_modules/encodeurl
990 silly ADD node_modules/depd
991 silly ADD node_modules/debug
992 silly ADD node_modules/cookie-signature
993 silly ADD node_modules/cookie
994 silly ADD node_modules/content-type
995 silly ADD node_modules/content-disposition
996 silly ADD node_modules/body-parser
997 silly ADD node_modules/body-parser/node_modules/iconv-lite
998 silly ADD node_modules/array-flatten
999 silly ADD node_modules/accepts
1000 silly ADD node_modules/whatwg-encoding
1001 silly ADD node_modules/iconv-lite
1002 silly ADD node_modules/entities
1003 silly ADD node_modules/nth-check
1004 silly ADD node_modules/vary
1005 silly ADD node_modules/object-assign
1006 silly ADD node_modules/domelementtype
1007 silly ADD node_modules/css-what
1008 silly ADD node_modules/css-select
1009 silly ADD node_modules/boolbase
1010 silly ADD node_modules/whatwg-mimetype
1011 silly ADD node_modules/undici
1012 silly ADD node_modules/parse5-parser-stream
1013 silly ADD node_modules/parse5-htmlparser2-tree-adapter
1014 silly ADD node_modules/parse5
1015 silly ADD node_modules/parse5/node_modules/entities
1016 silly ADD node_modules/htmlparser2
1017 silly ADD node_modules/htmlparser2/node_modules/entities
1018 silly ADD node_modules/encoding-sniffer
1019 silly ADD node_modules/domutils
1020 silly ADD node_modules/domhandler
1021 silly ADD node_modules/dom-serializer
1022 silly ADD node_modules/cheerio-select
1023 silly ADD node_modules/proxy-from-env
1024 silly ADD node_modules/https-proxy-agent
1025 silly ADD node_modules/https-proxy-agent/node_modules/ms
1026 silly ADD node_modules/https-proxy-agent/node_modules/debug
1027 silly ADD node_modules/form-data
1028 silly ADD node_modules/follow-redirects
1029 silly ADD node_modules/express
1030 silly ADD node_modules/cors
1031 silly ADD node_modules/cheerio
1032 silly ADD node_modules/axios
1033 verbose cwd C:\Users\vicky\OneDrive\old\Documents\Email Extractor
1034 verbose os Windows_NT 10.0.26220
1035 verbose node v24.15.0
1036 verbose npm  v11.12.1
1037 notice
1037 notice New minor version of npm available! 11.12.1 -> 11.17.0
1037 notice Changelog: https://github.com/npm/cli/releases/tag/v11.17.0
1037 notice To update run: npm install -g npm@11.17.0
1037 notice  { force: true, Symbol(proc-log.meta): true }
1038 verbose exit 0
1039 info ok
