0 verbose cli C:\Program Files\nodejs\node.exe C:\Program Files\nodejs\node_modules\npm\bin\npm-cli.js
1 info using npm@11.12.1
2 info using node@v24.15.0
3 silly config load:file:C:\Program Files\nodejs\node_modules\npm\npmrc
4 silly config load:file:C:\Users\vicky\OneDrive\old\Documents\Email Extractor\.npmrc
5 silly config load:file:C:\Users\vicky\.npmrc
6 silly config load:file:C:\Users\vicky\AppData\Roaming\npm\etc\npmrc
7 verbose title npm install
8 verbose argv "install" "--cache" ".npm-cache"
9 verbose logfile logs-max:10 dir:C:\Users\vicky\OneDrive\old\Documents\Email Extractor\.npm-cache\_logs\2026-06-28T08_19_52_129Z-
10 verbose logfile C:\Users\vicky\OneDrive\old\Documents\Email Extractor\.npm-cache\_logs\2026-06-28T08_19_52_129Z-debug-0.log
11 silly logfile done cleaning log files
12 silly packumentCache heap:2348810240 maxSize:587202560 maxEntrySize:293601280
13 silly idealTree buildDeps
14 silly fetch manifest multer@^1.4.5-lts.2
15 silly packumentCache full:https://registry.npmjs.org/multer cache-miss
16 http fetch GET https://registry.npmjs.org/multer attempt 1 failed with EACCES
17 http fetch GET https://registry.npmjs.org/multer attempt 2 failed with EACCES
18 http fetch GET https://registry.npmjs.org/multer attempt 3 failed with EACCES
19 silly fetch manifest xlsx@^0.18.5
20 silly packumentCache full:https://registry.npmjs.org/xlsx cache-miss
21 http fetch GET https://registry.npmjs.org/xlsx attempt 1 failed with EACCES
22 http fetch GET https://registry.npmjs.org/xlsx attempt 2 failed with EACCES
